"../../../Engine/Content/EngineMaterials/BaseFlattenNormalMap.uasset" 0
"../../../Engine/Content/EngineMaterials/BaseFlattenNormalMap.uexp" 1
"../../../Engine/Content/EngineResources/Black.uasset" 2
"../../../Engine/Content/EngineResources/Black.uexp" 3
"../../../Engine/Plugins/Runtime/OpenXR/Content/Devices/M_XRController.uasset" 4
"../../../Engine/Plugins/Runtime/OpenXR/Content/Devices/M_XRController.uexp" 5
"../../../Engine/Plugins/Runtime/OpenXR/Content/Devices/ValveIndex/MRTexture.ubulk" 6
"../../../Engine/Plugins/Runtime/OpenXR/Content/Devices/ValveIndex/MRTexture.uasset" 7
"../../../Engine/Plugins/Runtime/OpenXR/Content/Devices/ValveIndex/MRTexture.uexp" 8
"../../../Engine/Plugins/Runtime/OpenXR/Content/Devices/ValveIndex/BaseTexture.ubulk" 9
"../../../Engine/Plugins/Runtime/OpenXR/Content/Devices/ValveIndex/BaseTexture.uasset" 10
"../../../Engine/Plugins/Runtime/OpenXR/Content/Devices/ValveIndex/BaseTexture.uexp" 11
"../../../Engine/Plugins/Runtime/OpenXR/Content/Devices/ValveIndex/Right/MI_right_ValveIndex.uasset" 12
"../../../Engine/Plugins/Runtime/OpenXR/Content/Devices/ValveIndex/Right/MI_right_ValveIndex.uexp" 13
"../../../Engine/Plugins/Runtime/OpenXR/Content/Devices/ValveIndex/Right/right_ValveIndexController.ubulk" 14
"../../../Engine/Plugins/Runtime/OpenXR/Content/Devices/ValveIndex/Right/right_ValveIndexController.uasset" 15
"../../../Engine/Plugins/Runtime/OpenXR/Content/Devices/ValveIndex/Right/right_ValveIndexController.uexp" 16
"../../../Engine/Plugins/Runtime/OpenXR/Content/Devices/ValveIndex/Left/MI_left_ValveIndex.uasset" 17
"../../../Engine/Plugins/Runtime/OpenXR/Content/Devices/ValveIndex/Left/MI_left_ValveIndex.uexp" 18
"../../../Engine/Plugins/Runtime/OpenXR/Content/Devices/ValveIndex/Left/left_ValveIndexController.ubulk" 19
"../../../Engine/Plugins/Runtime/OpenXR/Content/Devices/ValveIndex/Left/left_ValveIndexController.uasset" 20
"../../../Engine/Plugins/Runtime/OpenXR/Content/Devices/ValveIndex/Left/left_ValveIndexController.uexp" 21
"../../../Engine/Plugins/Runtime/OpenXR/Content/Devices/OculusTouch_v3/MRTexture.ubulk" 22
"../../../Engine/Plugins/Runtime/OpenXR/Content/Devices/OculusTouch_v3/MRTexture.uasset" 23
"../../../Engine/Plugins/Runtime/OpenXR/Content/Devices/OculusTouch_v3/MRTexture.uexp" 24
"../../../Engine/Plugins/Runtime/OpenXR/Content/Devices/OculusTouch_v3/BaseTexture.ubulk" 25
"../../../Engine/Plugins/Runtime/OpenXR/Content/Devices/OculusTouch_v3/BaseTexture.uasset" 26
"../../../Engine/Plugins/Runtime/OpenXR/Content/Devices/OculusTouch_v3/BaseTexture.uexp" 27
"../../../Engine/Plugins/Runtime/OpenXR/Content/Devices/OculusTouch_v3/MI_OculusTouch_v3.uasset" 28
"../../../Engine/Plugins/Runtime/OpenXR/Content/Devices/OculusTouch_v3/MI_OculusTouch_v3.uexp" 29
"../../../Engine/Plugins/Runtime/OpenXR/Content/Devices/OculusTouch_v3/Right/right_OculusTouch_v3Controller.ubulk" 30
"../../../Engine/Plugins/Runtime/OpenXR/Content/Devices/OculusTouch_v3/Right/right_OculusTouch_v3Controller.uasset" 31
"../../../Engine/Plugins/Runtime/OpenXR/Content/Devices/OculusTouch_v3/Right/right_OculusTouch_v3Controller.uexp" 32
"../../../Engine/Plugins/Runtime/OpenXR/Content/Devices/OculusTouch_v3/Left/left_OculusTouch_v3Controller.ubulk" 33
"../../../Engine/Plugins/Runtime/OpenXR/Content/Devices/OculusTouch_v3/Left/left_OculusTouch_v3Controller.uasset" 34
"../../../Engine/Plugins/Runtime/OpenXR/Content/Devices/OculusTouch_v3/Left/left_OculusTouch_v3Controller.uexp" 35
"../../../Engine/Plugins/Runtime/OpenXR/Content/Devices/OculusTouch_v2/BaseTexture.ubulk" 36
"../../../Engine/Plugins/Runtime/OpenXR/Content/Devices/OculusTouch_v2/BaseTexture.uasset" 37
"../../../Engine/Plugins/Runtime/OpenXR/Content/Devices/OculusTouch_v2/BaseTexture.uexp" 38
"../../../Engine/Plugins/Runtime/OpenXR/Content/Devices/OculusTouch_v2/MRTexture.ubulk" 39
"../../../Engine/Plugins/Runtime/OpenXR/Content/Devices/OculusTouch_v2/MRTexture.uasset" 40
"../../../Engine/Plugins/Runtime/OpenXR/Content/Devices/OculusTouch_v2/MRTexture.uexp" 41
"../../../Engine/Plugins/Runtime/OpenXR/Content/Devices/OculusTouch_v2/MI_OculusTouch_v2.uasset" 42
"../../../Engine/Plugins/Runtime/OpenXR/Content/Devices/OculusTouch_v2/MI_OculusTouch_v2.uexp" 43
"../../../Engine/Plugins/Runtime/OpenXR/Content/Devices/OculusTouch_v2/Right/right_OculusTouch_v2Controller.ubulk" 44
"../../../Engine/Plugins/Runtime/OpenXR/Content/Devices/OculusTouch_v2/Right/right_OculusTouch_v2Controller.uasset" 45
"../../../Engine/Plugins/Runtime/OpenXR/Content/Devices/OculusTouch_v2/Right/right_OculusTouch_v2Controller.uexp" 46
"../../../Engine/Plugins/Runtime/OpenXR/Content/Devices/OculusTouch_v2/Left/left_OculusTouch_v2Controller.ubulk" 47
"../../../Engine/Plugins/Runtime/OpenXR/Content/Devices/OculusTouch_v2/Left/left_OculusTouch_v2Controller.uasset" 48
"../../../Engine/Plugins/Runtime/OpenXR/Content/Devices/OculusTouch_v2/Left/left_OculusTouch_v2Controller.uexp" 49
"../../../Engine/Plugins/Runtime/OpenXR/Content/Devices/OculusTouch/BaseTexture.ubulk" 50
"../../../Engine/Plugins/Runtime/OpenXR/Content/Devices/OculusTouch/BaseTexture.uasset" 51
"../../../Engine/Plugins/Runtime/OpenXR/Content/Devices/OculusTouch/BaseTexture.uexp" 52
"../../../Engine/Plugins/Runtime/OpenXR/Content/Devices/OculusTouch/MRTexture.ubulk" 53
"../../../Engine/Plugins/Runtime/OpenXR/Content/Devices/OculusTouch/MRTexture.uasset" 54
"../../../Engine/Plugins/Runtime/OpenXR/Content/Devices/OculusTouch/MRTexture.uexp" 55
"../../../Engine/Plugins/Runtime/OpenXR/Content/Devices/OculusTouch/MI_OculusTouch.uasset" 56
"../../../Engine/Plugins/Runtime/OpenXR/Content/Devices/OculusTouch/MI_OculusTouch.uexp" 57
"../../../Engine/Plugins/Runtime/OpenXR/Content/Devices/OculusTouch/Right/right_OculusTouchController.ubulk" 58
"../../../Engine/Plugins/Runtime/OpenXR/Content/Devices/OculusTouch/Right/right_OculusTouchController.uasset" 59
"../../../Engine/Plugins/Runtime/OpenXR/Content/Devices/OculusTouch/Right/right_OculusTouchController.uexp" 60
"../../../Engine/Plugins/Runtime/OpenXR/Content/Devices/OculusTouch/Left/left_OculusTouchController.ubulk" 61
"../../../Engine/Plugins/Runtime/OpenXR/Content/Devices/OculusTouch/Left/left_OculusTouchController.uasset" 62
"../../../Engine/Plugins/Runtime/OpenXR/Content/Devices/OculusTouch/Left/left_OculusTouchController.uexp" 63
"../../../Engine/Plugins/Runtime/OpenXR/Content/Devices/OculusGo/BaseTexture.ubulk" 64
"../../../Engine/Plugins/Runtime/OpenXR/Content/Devices/OculusGo/BaseTexture.uasset" 65
"../../../Engine/Plugins/Runtime/OpenXR/Content/Devices/OculusGo/BaseTexture.uexp" 66
"../../../Engine/Plugins/Runtime/OpenXR/Content/Devices/OculusGo/MI_OculusGo.uasset" 67
"../../../Engine/Plugins/Runtime/OpenXR/Content/Devices/OculusGo/MI_OculusGo.uexp" 68
"../../../Engine/Plugins/Runtime/OpenXR/Content/Devices/OculusGo/OculusGoController.ubulk" 69
"../../../Engine/Plugins/Runtime/OpenXR/Content/Devices/OculusGo/OculusGoController.uasset" 70
"../../../Engine/Plugins/Runtime/OpenXR/Content/Devices/OculusGo/OculusGoController.uexp" 71
"../../../Engine/Plugins/Runtime/OpenXR/Content/Devices/MicrosoftMixedReality/NormalTexture.ubulk" 72
"../../../Engine/Plugins/Runtime/OpenXR/Content/Devices/MicrosoftMixedReality/NormalTexture.uasset" 73
"../../../Engine/Plugins/Runtime/OpenXR/Content/Devices/MicrosoftMixedReality/NormalTexture.uexp" 74
"../../../Engine/Plugins/Runtime/OpenXR/Content/Devices/MicrosoftMixedReality/EmissiveTexture.ubulk" 75
"../../../Engine/Plugins/Runtime/OpenXR/Content/Devices/MicrosoftMixedReality/EmissiveTexture.uasset" 76
"../../../Engine/Plugins/Runtime/OpenXR/Content/Devices/MicrosoftMixedReality/EmissiveTexture.uexp" 77
"../../../Engine/Plugins/Runtime/OpenXR/Content/Devices/MicrosoftMixedReality/BaseTexture.ubulk" 78
"../../../Engine/Plugins/Runtime/OpenXR/Content/Devices/MicrosoftMixedReality/BaseTexture.uasset" 79
"../../../Engine/Plugins/Runtime/OpenXR/Content/Devices/MicrosoftMixedReality/BaseTexture.uexp" 80
"../../../Engine/Plugins/Runtime/OpenXR/Content/Devices/MicrosoftMixedReality/MRTexture.ubulk" 81
"../../../Engine/Plugins/Runtime/OpenXR/Content/Devices/MicrosoftMixedReality/MRTexture.uasset" 82
"../../../Engine/Plugins/Runtime/OpenXR/Content/Devices/MicrosoftMixedReality/MRTexture.uexp" 83
"../../../Engine/Plugins/Runtime/OpenXR/Content/Devices/MicrosoftMixedReality/MI_MicrosoftMixedReality.uasset" 84
"../../../Engine/Plugins/Runtime/OpenXR/Content/Devices/MicrosoftMixedReality/MI_MicrosoftMixedReality.uexp" 85
"../../../Engine/Plugins/Runtime/OpenXR/Content/Devices/MicrosoftMixedReality/Right/right_MicrosoftMixedRealityController.ubulk" 86
"../../../Engine/Plugins/Runtime/OpenXR/Content/Devices/MicrosoftMixedReality/Right/right_MicrosoftMixedRealityController.uasset" 87
"../../../Engine/Plugins/Runtime/OpenXR/Content/Devices/MicrosoftMixedReality/Right/right_MicrosoftMixedRealityController.uexp" 88
"../../../Engine/Plugins/Runtime/OpenXR/Content/Devices/MicrosoftMixedReality/Left/left_MicrosoftMixedRealityController.ubulk" 89
"../../../Engine/Plugins/Runtime/OpenXR/Content/Devices/MicrosoftMixedReality/Left/left_MicrosoftMixedRealityController.uasset" 90
"../../../Engine/Plugins/Runtime/OpenXR/Content/Devices/MicrosoftMixedReality/Left/left_MicrosoftMixedRealityController.uexp" 91
"../../../Engine/Plugins/Runtime/OpenXR/Content/Devices/HTCVive/BaseTexture.ubulk" 92
"../../../Engine/Plugins/Runtime/OpenXR/Content/Devices/HTCVive/BaseTexture.uasset" 93
"../../../Engine/Plugins/Runtime/OpenXR/Content/Devices/HTCVive/BaseTexture.uexp" 94
"../../../Engine/Plugins/Runtime/OpenXR/Content/Devices/HTCVive/MI_HTCVive.uasset" 95
"../../../Engine/Plugins/Runtime/OpenXR/Content/Devices/HTCVive/MI_HTCVive.uexp" 96
"../../../Engine/Plugins/Runtime/OpenXR/Content/Devices/HTCVive/HTCViveController.ubulk" 97
"../../../Engine/Plugins/Runtime/OpenXR/Content/Devices/HTCVive/HTCViveController.uasset" 98
"../../../Engine/Plugins/Runtime/OpenXR/Content/Devices/HTCVive/HTCViveController.uexp" 99
"../../../Engine/Plugins/Runtime/Oculus/OculusVR/Content/Textures/TouchForQuestRiftSController_albedo.ubulk" 100
"../../../Engine/Plugins/Runtime/Oculus/OculusVR/Content/Textures/TouchForQuestRiftSController_albedo.uasset" 101
"../../../Engine/Plugins/Runtime/Oculus/OculusVR/Content/Textures/TouchForQuestRiftSController_albedo.uexp" 102
"../../../Engine/Plugins/Runtime/Oculus/OculusVR/Content/Materials/TouchForQuestRiftSControllerMaterial.uasset" 103
"../../../Engine/Plugins/Runtime/Oculus/OculusVR/Content/Materials/TouchForQuestRiftSControllerMaterial.uexp" 104
"../../../Engine/Plugins/Runtime/Oculus/OculusVR/Content/Meshes/RightTouchForQuestRiftSController.ubulk" 105
"../../../Engine/Plugins/Runtime/Oculus/OculusVR/Content/Meshes/RightTouchForQuestRiftSController.uasset" 106
"../../../Engine/Plugins/Runtime/Oculus/OculusVR/Content/Meshes/RightTouchForQuestRiftSController.uexp" 107
"../../../Engine/Plugins/Runtime/Oculus/OculusVR/Content/Textures/touchController_albedo.ubulk" 108
"../../../Engine/Plugins/Runtime/Oculus/OculusVR/Content/Textures/touchController_albedo.uasset" 109
"../../../Engine/Plugins/Runtime/Oculus/OculusVR/Content/Textures/touchController_albedo.uexp" 110
"../../../Engine/Plugins/Runtime/Oculus/OculusVR/Content/Textures/touchController_controlmap.ubulk" 111
"../../../Engine/Plugins/Runtime/Oculus/OculusVR/Content/Textures/touchController_controlmap.uasset" 112
"../../../Engine/Plugins/Runtime/Oculus/OculusVR/Content/Textures/touchController_controlmap.uexp" 113
"../../../Engine/Plugins/Runtime/Oculus/OculusVR/Content/Materials/touchController_mat.uasset" 114
"../../../Engine/Plugins/Runtime/Oculus/OculusVR/Content/Materials/touchController_mat.uexp" 115
"../../../Engine/Plugins/Runtime/Oculus/OculusVR/Content/Meshes/RightTouchController.ubulk" 116
"../../../Engine/Plugins/Runtime/Oculus/OculusVR/Content/Meshes/RightTouchController.uasset" 117
"../../../Engine/Plugins/Runtime/Oculus/OculusVR/Content/Meshes/RightTouchController.uexp" 118
"../../../Engine/Plugins/Runtime/Oculus/OculusVR/Content/Meshes/RiftHMD.ubulk" 119
"../../../Engine/Plugins/Runtime/Oculus/OculusVR/Content/Meshes/RiftHMD.uasset" 120
"../../../Engine/Plugins/Runtime/Oculus/OculusVR/Content/Meshes/RiftHMD.uexp" 121
"../../../Engine/Plugins/Runtime/Oculus/OculusVR/Content/Meshes/LeftTouchForQuestRiftSController.ubulk" 122
"../../../Engine/Plugins/Runtime/Oculus/OculusVR/Content/Meshes/LeftTouchForQuestRiftSController.uasset" 123
"../../../Engine/Plugins/Runtime/Oculus/OculusVR/Content/Meshes/LeftTouchForQuestRiftSController.uexp" 124
"../../../Engine/Plugins/Runtime/Oculus/OculusVR/Content/Meshes/LeftTouchController.ubulk" 125
"../../../Engine/Plugins/Runtime/Oculus/OculusVR/Content/Meshes/LeftTouchController.uasset" 126
"../../../Engine/Plugins/Runtime/Oculus/OculusVR/Content/Meshes/LeftTouchController.uexp" 127
"../../../Engine/Plugins/Runtime/Oculus/OculusVR/Content/Materials/PokeAHoleMaterial.uasset" 128
"../../../Engine/Plugins/Runtime/Oculus/OculusVR/Content/Materials/PokeAHoleMaterial.uexp" 129
"../../../Engine/Plugins/Runtime/Oculus/OculusVR/Content/Materials/OculusMR_OpaqueColoredMaterial.uasset" 130
"../../../Engine/Plugins/Runtime/Oculus/OculusVR/Content/Materials/OculusMR_OpaqueColoredMaterial.uexp" 131
"../../../Engine/Content/EngineResources/WhiteSquareTexture.uasset" 132
"../../../Engine/Content/EngineResources/WhiteSquareTexture.uexp" 133
"../../../Engine/Content/Functions/Engine_MaterialFunctions02/Utility/MakeFloat2.uasset" 134
"../../../Engine/Content/Functions/Engine_MaterialFunctions02/Utility/MakeFloat2.uexp" 135
"../../../Engine/Content/Functions/Engine_MaterialFunctions02/Utility/BreakOutFloat4Components.uasset" 136
"../../../Engine/Content/Functions/Engine_MaterialFunctions02/Utility/BreakOutFloat4Components.uexp" 137
"../../../Engine/Content/Functions/Engine_MaterialFunctions02/Utility/MakeFloat3.uasset" 138
"../../../Engine/Content/Functions/Engine_MaterialFunctions02/Utility/MakeFloat3.uexp" 139
"../../../Engine/Plugins/Runtime/Oculus/OculusVR/Content/Materials/OculusMR_ChromaKey.uasset" 140
"../../../Engine/Plugins/Runtime/Oculus/OculusVR/Content/Materials/OculusMR_ChromaKey.uexp" 141
"../../../Engine/Plugins/Runtime/HairStrands/Content/Materials/HairMeshesDefaultMaterial.uasset" 142
"../../../Engine/Plugins/Runtime/HairStrands/Content/Materials/HairMeshesDefaultMaterial.uexp" 143
"../../../Engine/Plugins/Runtime/HairStrands/Content/Materials/HairDefaultMaterial.uasset" 144
"../../../Engine/Plugins/Runtime/HairStrands/Content/Materials/HairDefaultMaterial.uexp" 145
"../../../Engine/Plugins/Runtime/HairStrands/Content/Materials/HairGroupColors.uasset" 146
"../../../Engine/Plugins/Runtime/HairStrands/Content/Materials/HairGroupColors.uexp" 147
"../../../Engine/Content/EngineMaterials/HairColorMap.uasset" 148
"../../../Engine/Content/EngineMaterials/HairColorMap.uexp" 149
"../../../Engine/Content/EngineMaterials/HairDebugColor.uasset" 150
"../../../Engine/Content/EngineMaterials/HairDebugColor.uexp" 151
"../../../Engine/Plugins/Runtime/HairStrands/Content/Materials/HairDebugMaterial.uasset" 152
"../../../Engine/Plugins/Runtime/HairStrands/Content/Materials/HairDebugMaterial.uexp" 153
"../../../Engine/Plugins/Runtime/HairStrands/Content/Materials/HairCardsDefaultMaterial.uasset" 154
"../../../Engine/Plugins/Runtime/HairStrands/Content/Materials/HairCardsDefaultMaterial.uexp" 155
"../../../Engine/Plugins/Editor/SpeedTreeImporter/Content/SpeedTree9/game_wind_noise.ubulk" 156
"../../../Engine/Plugins/Editor/SpeedTreeImporter/Content/SpeedTree9/game_wind_noise.uasset" 157
"../../../Engine/Plugins/Editor/SpeedTreeImporter/Content/SpeedTree9/game_wind_noise.uexp" 158
"../../../Engine/Plugins/Editor/SpeedTreeImporter/Content/SpeedTree9/UnpackDirection.uasset" 159
"../../../Engine/Plugins/Editor/SpeedTreeImporter/Content/SpeedTree9/UnpackDirection.uexp" 160
"../../../Engine/Content/Functions/Engine_MaterialFunctions02/ObjectLocalBounds.uasset" 161
"../../../Engine/Content/Functions/Engine_MaterialFunctions02/ObjectLocalBounds.uexp" 162
"../../../Engine/Content/Functions/Engine_MaterialFunctions02/Utility/BreakOutFloat3Components.uasset" 163
"../../../Engine/Content/Functions/Engine_MaterialFunctions02/Utility/BreakOutFloat3Components.uexp" 164
"../../../Engine/Content/Functions/Engine_MaterialFunctions02/UVs/BoundingBoxBased_0-1_UVW.uasset" 165
"../../../Engine/Content/Functions/Engine_MaterialFunctions02/UVs/BoundingBoxBased_0-1_UVW.uexp" 166
"../../../Engine/Content/Functions/Engine_MaterialFunctions02/Utility/VectorLength.uasset" 167
"../../../Engine/Content/Functions/Engine_MaterialFunctions02/Utility/VectorLength.uexp" 168
"../../../Engine/Plugins/Editor/SpeedTreeImporter/Content/SpeedTree9/UnpackInteger3.uasset" 169
"../../../Engine/Plugins/Editor/SpeedTreeImporter/Content/SpeedTree9/UnpackInteger3.uexp" 170
"../../../Engine/Plugins/Editor/SpeedTreeImporter/Content/SpeedTree9/SpeedTreeCameraFacing.uasset" 171
"../../../Engine/Plugins/Editor/SpeedTreeImporter/Content/SpeedTree9/SpeedTreeCameraFacing.uexp" 172
"../../../Engine/Content/Functions/Engine_MaterialFunctions02/WorldPositionOffset/ObjectScale.uasset" 173
"../../../Engine/Content/Functions/Engine_MaterialFunctions02/WorldPositionOffset/ObjectScale.uexp" 174
"../../../Engine/Content/Functions/Engine_MaterialFunctions02/SafeNormalize.uasset" 175
"../../../Engine/Content/Functions/Engine_MaterialFunctions02/SafeNormalize.uexp" 176
"../../../Engine/Plugins/Editor/SpeedTreeImporter/Content/SpeedTree9/SpeedTreeWindMotion.uasset" 177
"../../../Engine/Plugins/Editor/SpeedTreeImporter/Content/SpeedTree9/SpeedTreeWindMotion.uexp" 178
"../../../Engine/Plugins/Editor/SpeedTreeImporter/Content/SpeedTree9/SpeedTreeBranchMotion.uasset" 179
"../../../Engine/Plugins/Editor/SpeedTreeImporter/Content/SpeedTree9/SpeedTreeBranchMotion.uexp" 180
"../../../Engine/Plugins/Editor/SpeedTreeImporter/Content/SpeedTree9/SpeedTreeWind.uasset" 181
"../../../Engine/Plugins/Editor/SpeedTreeImporter/Content/SpeedTree9/SpeedTreeWind.uexp" 182
"../../../Engine/Plugins/Editor/SpeedTreeImporter/Content/SpeedTree9/EmptyNormal.uasset" 183
"../../../Engine/Plugins/Editor/SpeedTreeImporter/Content/SpeedTree9/EmptyNormal.uexp" 184
"../../../Engine/Plugins/Editor/SpeedTreeImporter/Content/SpeedTree9/Empty.uasset" 185
"../../../Engine/Plugins/Editor/SpeedTreeImporter/Content/SpeedTree9/Empty.uexp" 186
"../../../Engine/Plugins/Editor/SpeedTreeImporter/Content/SpeedTree9/SpeedTreeMaster.uasset" 187
"../../../Engine/Plugins/Editor/SpeedTreeImporter/Content/SpeedTree9/SpeedTreeMaster.uexp" 188
"../../../Engine/Plugins/Editor/SpeedTreeImporter/Content/SpeedTree9/SpeedTreeBillboard.uasset" 189
"../../../Engine/Plugins/Editor/SpeedTreeImporter/Content/SpeedTree9/SpeedTreeBillboard.uexp" 190
"../../../Engine/Plugins/Editor/SpeedTreeImporter/Content/SpeedTree9/SpeedTreeBillboardMaster.uasset" 191
"../../../Engine/Plugins/Editor/SpeedTreeImporter/Content/SpeedTree9/SpeedTreeBillboardMaster.uexp" 192
"../../../Engine/Content/Functions/Engine_MaterialFunctions02/WorldPositionOffset/CameraOffset.uasset" 193
"../../../Engine/Content/Functions/Engine_MaterialFunctions02/WorldPositionOffset/CameraOffset.uexp" 194
"../../../Engine/Plugins/Animation/ControlRig/Content/M_Manip.uasset" 195
"../../../Engine/Plugins/Animation/ControlRig/Content/M_Manip.uexp" 196
"../../../Engine/Plugins/Animation/ControlRig/Content/Controls/DefaultGizmoLibraryNormalized.uasset" 197
"../../../Engine/Plugins/Animation/ControlRig/Content/Controls/DefaultGizmoLibraryNormalized.uexp" 198
"../../../Engine/Content/EngineMaterials/T_Default_Material_Grid_M.ubulk" 199
"../../../Engine/Content/EngineMaterials/T_Default_Material_Grid_M.uasset" 200
"../../../Engine/Content/EngineMaterials/T_Default_Material_Grid_M.uexp" 201
"../../../Engine/Content/EngineMaterials/T_Default_Material_Grid_N.ubulk" 202
"../../../Engine/Content/EngineMaterials/T_Default_Material_Grid_N.uasset" 203
"../../../Engine/Content/EngineMaterials/T_Default_Material_Grid_N.uexp" 204
"../../../Engine/Content/Functions/Engine_MaterialFunctions01/Opacity/CameraDepthFade.uasset" 205
"../../../Engine/Content/Functions/Engine_MaterialFunctions01/Opacity/CameraDepthFade.uexp" 206
"../../../Engine/Content/EngineMaterials/WorldGridMaterial.uasset" 207
"../../../Engine/Content/EngineMaterials/WorldGridMaterial.uexp" 208
"../../../Engine/Plugins/Animation/ControlRig/Content/Controls/ControlRig_Wedge_solid.ubulk" 209
"../../../Engine/Plugins/Animation/ControlRig/Content/Controls/ControlRig_Wedge_solid.uasset" 210
"../../../Engine/Plugins/Animation/ControlRig/Content/Controls/ControlRig_Wedge_solid.uexp" 211
"../../../Engine/Plugins/Animation/ControlRig/Content/Controls/ControlRig_Wedge_3mm.ubulk" 212
"../../../Engine/Plugins/Animation/ControlRig/Content/Controls/ControlRig_Wedge_3mm.uasset" 213
"../../../Engine/Plugins/Animation/ControlRig/Content/Controls/ControlRig_Wedge_3mm.uexp" 214
"../../../Engine/Plugins/Animation/ControlRig/Content/Controls/ControlRig_Wedge_1mm.ubulk" 215
"../../../Engine/Plugins/Animation/ControlRig/Content/Controls/ControlRig_Wedge_1mm.uasset" 216
"../../../Engine/Plugins/Animation/ControlRig/Content/Controls/ControlRig_Wedge_1mm.uexp" 217
"../../../Engine/Plugins/Animation/ControlRig/Content/Controls/ControlRig_Triangle_solid.ubulk" 218
"../../../Engine/Plugins/Animation/ControlRig/Content/Controls/ControlRig_Triangle_solid.uasset" 219
"../../../Engine/Plugins/Animation/ControlRig/Content/Controls/ControlRig_Triangle_solid.uexp" 220
"../../../Engine/Plugins/Animation/ControlRig/Content/Controls/ControlRig_Triangle_3mm.ubulk" 221
"../../../Engine/Plugins/Animation/ControlRig/Content/Controls/ControlRig_Triangle_3mm.uasset" 222
"../../../Engine/Plugins/Animation/ControlRig/Content/Controls/ControlRig_Triangle_3mm.uexp" 223
"../../../Engine/Plugins/Animation/ControlRig/Content/Controls/ControlRig_Triangle_1mm.ubulk" 224
"../../../Engine/Plugins/Animation/ControlRig/Content/Controls/ControlRig_Triangle_1mm.uasset" 225
"../../../Engine/Plugins/Animation/ControlRig/Content/Controls/ControlRig_Triangle_1mm.uexp" 226
"../../../Engine/Plugins/Animation/ControlRig/Content/Controls/ControlRig_Star4_solid.ubulk" 227
"../../../Engine/Plugins/Animation/ControlRig/Content/Controls/ControlRig_Star4_solid.uasset" 228
"../../../Engine/Plugins/Animation/ControlRig/Content/Controls/ControlRig_Star4_solid.uexp" 229
"../../../Engine/Plugins/Animation/ControlRig/Content/Controls/ControlRig_Star4_3mm.ubulk" 230
"../../../Engine/Plugins/Animation/ControlRig/Content/Controls/ControlRig_Star4_3mm.uasset" 231
"../../../Engine/Plugins/Animation/ControlRig/Content/Controls/ControlRig_Star4_3mm.uexp" 232
"../../../Engine/Plugins/Animation/ControlRig/Content/Controls/ControlRig_Star4_1mm.ubulk" 233
"../../../Engine/Plugins/Animation/ControlRig/Content/Controls/ControlRig_Star4_1mm.uasset" 234
"../../../Engine/Plugins/Animation/ControlRig/Content/Controls/ControlRig_Star4_1mm.uexp" 235
"../../../Engine/Plugins/Animation/ControlRig/Content/Controls/ControlRig_Square_solid.ubulk" 236
"../../../Engine/Plugins/Animation/ControlRig/Content/Controls/ControlRig_Square_solid.uasset" 237
"../../../Engine/Plugins/Animation/ControlRig/Content/Controls/ControlRig_Square_solid.uexp" 238
"../../../Engine/Plugins/Animation/ControlRig/Content/Controls/ControlRig_Square_3mm.ubulk" 239
"../../../Engine/Plugins/Animation/ControlRig/Content/Controls/ControlRig_Square_3mm.uasset" 240
"../../../Engine/Plugins/Animation/ControlRig/Content/Controls/ControlRig_Square_3mm.uexp" 241
"../../../Engine/Plugins/Animation/ControlRig/Content/Controls/ControlRig_Square_1mm.ubulk" 242
"../../../Engine/Plugins/Animation/ControlRig/Content/Controls/ControlRig_Square_1mm.uasset" 243
"../../../Engine/Plugins/Animation/ControlRig/Content/Controls/ControlRig_Square_1mm.uexp" 244
"../../../Engine/Plugins/Animation/ControlRig/Content/Controls/ControlRig_Sphere_solid.ubulk" 245
"../../../Engine/Plugins/Animation/ControlRig/Content/Controls/ControlRig_Sphere_solid.uasset" 246
"../../../Engine/Plugins/Animation/ControlRig/Content/Controls/ControlRig_Sphere_solid.uexp" 247
"../../../Engine/Plugins/Animation/ControlRig/Content/Controls/ControlRig_Sphere_3mm.ubulk" 248
"../../../Engine/Plugins/Animation/ControlRig/Content/Controls/ControlRig_Sphere_3mm.uasset" 249
"../../../Engine/Plugins/Animation/ControlRig/Content/Controls/ControlRig_Sphere_3mm.uexp" 250
"../../../Engine/Plugins/Animation/ControlRig/Content/Controls/ControlRig_Sphere_1mm.ubulk" 251
"../../../Engine/Plugins/Animation/ControlRig/Content/Controls/ControlRig_Sphere_1mm.uasset" 252
"../../../Engine/Plugins/Animation/ControlRig/Content/Controls/ControlRig_Sphere_1mm.uexp" 253
"../../../Engine/Plugins/Animation/ControlRig/Content/Controls/ControlRig_RoundedTriangle_solid.ubulk" 254
"../../../Engine/Plugins/Animation/ControlRig/Content/Controls/ControlRig_RoundedTriangle_solid.uasset" 255
"../../../Engine/Plugins/Animation/ControlRig/Content/Controls/ControlRig_RoundedTriangle_solid.uexp" 256
"../../../Engine/Plugins/Animation/ControlRig/Content/Controls/ControlRig_RoundedTriangle_3mm.ubulk" 257
"../../../Engine/Plugins/Animation/ControlRig/Content/Controls/ControlRig_RoundedTriangle_3mm.uasset" 258
"../../../Engine/Plugins/Animation/ControlRig/Content/Controls/ControlRig_RoundedTriangle_3mm.uexp" 259
"../../../Engine/Plugins/Animation/ControlRig/Content/Controls/ControlRig_RoundedTriangle_1mm.ubulk" 260
"../../../Engine/Plugins/Animation/ControlRig/Content/Controls/ControlRig_RoundedTriangle_1mm.uasset" 261
"../../../Engine/Plugins/Animation/ControlRig/Content/Controls/ControlRig_RoundedTriangle_1mm.uexp" 262
"../../../Engine/Plugins/Animation/ControlRig/Content/Controls/ControlRig_RoundedSquare_solid.ubulk" 263
"../../../Engine/Plugins/Animation/ControlRig/Content/Controls/ControlRig_RoundedSquare_solid.uasset" 264
"../../../Engine/Plugins/Animation/ControlRig/Content/Controls/ControlRig_RoundedSquare_solid.uexp" 265
"../../../Engine/Plugins/Animation/ControlRig/Content/Controls/ControlRig_RoundedSquare_3mm.ubulk" 266
"../../../Engine/Plugins/Animation/ControlRig/Content/Controls/ControlRig_RoundedSquare_3mm.uasset" 267
"../../../Engine/Plugins/Animation/ControlRig/Content/Controls/ControlRig_RoundedSquare_3mm.uexp" 268
"../../../Engine/Plugins/Animation/ControlRig/Content/Controls/ControlRig_RoundedSquare_1mm.ubulk" 269
"../../../Engine/Plugins/Animation/ControlRig/Content/Controls/ControlRig_RoundedSquare_1mm.uasset" 270
"../../../Engine/Plugins/Animation/ControlRig/Content/Controls/ControlRig_RoundedSquare_1mm.uexp" 271
"../../../Engine/Plugins/Animation/ControlRig/Content/Controls/ControlRig_QuarterCircle_solid.ubulk" 272
"../../../Engine/Plugins/Animation/ControlRig/Content/Controls/ControlRig_QuarterCircle_solid.uasset" 273
"../../../Engine/Plugins/Animation/ControlRig/Content/Controls/ControlRig_QuarterCircle_solid.uexp" 274
"../../../Engine/Plugins/Animation/ControlRig/Content/Controls/ControlRig_QuarterCircle_3mm.ubulk" 275
"../../../Engine/Plugins/Animation/ControlRig/Content/Controls/ControlRig_QuarterCircle_3mm.uasset" 276
"../../../Engine/Plugins/Animation/ControlRig/Content/Controls/ControlRig_QuarterCircle_3mm.uexp" 277
"../../../Engine/Plugins/Animation/ControlRig/Content/Controls/ControlRig_QuarterCircle_1mm.ubulk" 278
"../../../Engine/Plugins/Animation/ControlRig/Content/Controls/ControlRig_QuarterCircle_1mm.uasset" 279
"../../../Engine/Plugins/Animation/ControlRig/Content/Controls/ControlRig_QuarterCircle_1mm.uexp" 280
"../../../Engine/Plugins/Animation/ControlRig/Content/Controls/ControlRig_Pyramid_solid.ubulk" 281
"../../../Engine/Plugins/Animation/ControlRig/Content/Controls/ControlRig_Pyramid_solid.uasset" 282
"../../../Engine/Plugins/Animation/ControlRig/Content/Controls/ControlRig_Pyramid_solid.uexp" 283
"../../../Engine/Plugins/Animation/ControlRig/Content/Controls/ControlRig_Pyramid_3mm.ubulk" 284
"../../../Engine/Plugins/Animation/ControlRig/Content/Controls/ControlRig_Pyramid_3mm.uasset" 285
"../../../Engine/Plugins/Animation/ControlRig/Content/Controls/ControlRig_Pyramid_3mm.uexp" 286
"../../../Engine/Plugins/Animation/ControlRig/Content/Controls/ControlRig_Pyramid_1mm.ubulk" 287
"../../../Engine/Plugins/Animation/ControlRig/Content/Controls/ControlRig_Pyramid_1mm.uasset" 288
"../../../Engine/Plugins/Animation/ControlRig/Content/Controls/ControlRig_Pyramid_1mm.uexp" 289
"../../../Engine/Plugins/Animation/ControlRig/Content/Controls/ControlRig_Octagon_solid.ubulk" 290
"../../../Engine/Plugins/Animation/ControlRig/Content/Controls/ControlRig_Octagon_solid.uasset" 291
"../../../Engine/Plugins/Animation/ControlRig/Content/Controls/ControlRig_Octagon_solid.uexp" 292
"../../../Engine/Plugins/Animation/ControlRig/Content/Controls/ControlRig_Octagon_3mm.ubulk" 293
"../../../Engine/Plugins/Animation/ControlRig/Content/Controls/ControlRig_Octagon_3mm.uasset" 294
"../../../Engine/Plugins/Animation/ControlRig/Content/Controls/ControlRig_Octagon_3mm.uexp" 295
"../../../Engine/Plugins/Animation/ControlRig/Content/Controls/ControlRig_Octagon_1mm.ubulk" 296
"../../../Engine/Plugins/Animation/ControlRig/Content/Controls/ControlRig_Octagon_1mm.uasset" 297
"../../../Engine/Plugins/Animation/ControlRig/Content/Controls/ControlRig_Octagon_1mm.uexp" 298
"../../../Engine/Plugins/Animation/ControlRig/Content/Controls/ControlRig_Hexagon_solid.ubulk" 299
"../../../Engine/Plugins/Animation/ControlRig/Content/Controls/ControlRig_Hexagon_solid.uasset" 300
"../../../Engine/Plugins/Animation/ControlRig/Content/Controls/ControlRig_Hexagon_solid.uexp" 301
"../../../Engine/Plugins/Animation/ControlRig/Content/Controls/ControlRig_Hexagon_3mm.ubulk" 302
"../../../Engine/Plugins/Animation/ControlRig/Content/Controls/ControlRig_Hexagon_3mm.uasset" 303
"../../../Engine/Plugins/Animation/ControlRig/Content/Controls/ControlRig_Hexagon_3mm.uexp" 304
"../../../Engine/Plugins/Animation/ControlRig/Content/Controls/ControlRig_Hexagon_1mm.ubulk" 305
"../../../Engine/Plugins/Animation/ControlRig/Content/Controls/ControlRig_Hexagon_1mm.uasset" 306
"../../../Engine/Plugins/Animation/ControlRig/Content/Controls/ControlRig_Hexagon_1mm.uexp" 307
"../../../Engine/Plugins/Animation/ControlRig/Content/Controls/ControlRig_HalfCircle_solid.ubulk" 308
"../../../Engine/Plugins/Animation/ControlRig/Content/Controls/ControlRig_HalfCircle_solid.uasset" 309
"../../../Engine/Plugins/Animation/ControlRig/Content/Controls/ControlRig_HalfCircle_solid.uexp" 310
"../../../Engine/Plugins/Animation/ControlRig/Content/Controls/ControlRig_HalfCircle_3mm.ubulk" 311
"../../../Engine/Plugins/Animation/ControlRig/Content/Controls/ControlRig_HalfCircle_3mm.uasset" 312
"../../../Engine/Plugins/Animation/ControlRig/Content/Controls/ControlRig_HalfCircle_3mm.uexp" 313
"../../../Engine/Plugins/Animation/ControlRig/Content/Controls/ControlRig_HalfCircle_1mm.ubulk" 314
"../../../Engine/Plugins/Animation/ControlRig/Content/Controls/ControlRig_HalfCircle_1mm.uasset" 315
"../../../Engine/Plugins/Animation/ControlRig/Content/Controls/ControlRig_HalfCircle_1mm.uexp" 316
"../../../Engine/Plugins/Animation/ControlRig/Content/Controls/ControlRig_Diamond_solid.ubulk" 317
"../../../Engine/Plugins/Animation/ControlRig/Content/Controls/ControlRig_Diamond_solid.uasset" 318
"../../../Engine/Plugins/Animation/ControlRig/Content/Controls/ControlRig_Diamond_solid.uexp" 319
"../../../Engine/Plugins/Animation/ControlRig/Content/Controls/ControlRig_Diamond_3mm.ubulk" 320
"../../../Engine/Plugins/Animation/ControlRig/Content/Controls/ControlRig_Diamond_3mm.uasset" 321
"../../../Engine/Plugins/Animation/ControlRig/Content/Controls/ControlRig_Diamond_3mm.uexp" 322
"../../../Engine/Plugins/Animation/ControlRig/Content/Controls/ControlRig_Diamond_1mm.ubulk" 323
"../../../Engine/Plugins/Animation/ControlRig/Content/Controls/ControlRig_Diamond_1mm.uasset" 324
"../../../Engine/Plugins/Animation/ControlRig/Content/Controls/ControlRig_Diamond_1mm.uexp" 325
"../../../Engine/Plugins/Animation/ControlRig/Content/Controls/ControlRig_Circle_solid.ubulk" 326
"../../../Engine/Plugins/Animation/ControlRig/Content/Controls/ControlRig_Circle_solid.uasset" 327
"../../../Engine/Plugins/Animation/ControlRig/Content/Controls/ControlRig_Circle_solid.uexp" 328
"../../../Engine/Plugins/Animation/ControlRig/Content/Controls/ControlRig_Circle_3mm.ubulk" 329
"../../../Engine/Plugins/Animation/ControlRig/Content/Controls/ControlRig_Circle_3mm.uasset" 330
"../../../Engine/Plugins/Animation/ControlRig/Content/Controls/ControlRig_Circle_3mm.uexp" 331
"../../../Engine/Plugins/Animation/ControlRig/Content/Controls/ControlRig_Circle_1mm.ubulk" 332
"../../../Engine/Plugins/Animation/ControlRig/Content/Controls/ControlRig_Circle_1mm.uasset" 333
"../../../Engine/Plugins/Animation/ControlRig/Content/Controls/ControlRig_Circle_1mm.uexp" 334
"../../../Engine/Plugins/Animation/ControlRig/Content/Controls/ControlRig_Box_solid.ubulk" 335
"../../../Engine/Plugins/Animation/ControlRig/Content/Controls/ControlRig_Box_solid.uasset" 336
"../../../Engine/Plugins/Animation/ControlRig/Content/Controls/ControlRig_Box_solid.uexp" 337
"../../../Engine/Plugins/Animation/ControlRig/Content/Controls/ControlRig_Box_3mm.ubulk" 338
"../../../Engine/Plugins/Animation/ControlRig/Content/Controls/ControlRig_Box_3mm.uasset" 339
"../../../Engine/Plugins/Animation/ControlRig/Content/Controls/ControlRig_Box_3mm.uexp" 340
"../../../Engine/Plugins/Animation/ControlRig/Content/Controls/ControlRig_Box_1mm.ubulk" 341
"../../../Engine/Plugins/Animation/ControlRig/Content/Controls/ControlRig_Box_1mm.uasset" 342
"../../../Engine/Plugins/Animation/ControlRig/Content/Controls/ControlRig_Box_1mm.uexp" 343
"../../../Engine/Plugins/Animation/ControlRig/Content/Controls/ControlRig_Arrow_solid.ubulk" 344
"../../../Engine/Plugins/Animation/ControlRig/Content/Controls/ControlRig_Arrow_solid.uasset" 345
"../../../Engine/Plugins/Animation/ControlRig/Content/Controls/ControlRig_Arrow_solid.uexp" 346
"../../../Engine/Plugins/Animation/ControlRig/Content/Controls/ControlRig_Arrow_3mm.ubulk" 347
"../../../Engine/Plugins/Animation/ControlRig/Content/Controls/ControlRig_Arrow_3mm.uasset" 348
"../../../Engine/Plugins/Animation/ControlRig/Content/Controls/ControlRig_Arrow_3mm.uexp" 349
"../../../Engine/Plugins/Animation/ControlRig/Content/Controls/ControlRig_Arrow_1mm.ubulk" 350
"../../../Engine/Plugins/Animation/ControlRig/Content/Controls/ControlRig_Arrow_1mm.uasset" 351
"../../../Engine/Plugins/Animation/ControlRig/Content/Controls/ControlRig_Arrow_1mm.uexp" 352
"../../../Engine/Plugins/Animation/ControlRig/Content/Controls/ControlRig_Arrow4_solid.ubulk" 353
"../../../Engine/Plugins/Animation/ControlRig/Content/Controls/ControlRig_Arrow4_solid.uasset" 354
"../../../Engine/Plugins/Animation/ControlRig/Content/Controls/ControlRig_Arrow4_solid.uexp" 355
"../../../Engine/Plugins/Animation/ControlRig/Content/Controls/ControlRig_Arrow4_3mm.ubulk" 356
"../../../Engine/Plugins/Animation/ControlRig/Content/Controls/ControlRig_Arrow4_3mm.uasset" 357
"../../../Engine/Plugins/Animation/ControlRig/Content/Controls/ControlRig_Arrow4_3mm.uexp" 358
"../../../Engine/Plugins/Animation/ControlRig/Content/Controls/ControlRig_Arrow4_1mm.ubulk" 359
"../../../Engine/Plugins/Animation/ControlRig/Content/Controls/ControlRig_Arrow4_1mm.uasset" 360
"../../../Engine/Plugins/Animation/ControlRig/Content/Controls/ControlRig_Arrow4_1mm.uexp" 361
"../../../Engine/Plugins/Animation/ControlRig/Content/Controls/ControlRig_Arrow2_solid.ubulk" 362
"../../../Engine/Plugins/Animation/ControlRig/Content/Controls/ControlRig_Arrow2_solid.uasset" 363
"../../../Engine/Plugins/Animation/ControlRig/Content/Controls/ControlRig_Arrow2_solid.uexp" 364
"../../../Engine/Plugins/Animation/ControlRig/Content/Controls/ControlRig_Arrow2_3mm.ubulk" 365
"../../../Engine/Plugins/Animation/ControlRig/Content/Controls/ControlRig_Arrow2_3mm.uasset" 366
"../../../Engine/Plugins/Animation/ControlRig/Content/Controls/ControlRig_Arrow2_3mm.uexp" 367
"../../../Engine/Plugins/Animation/ControlRig/Content/Controls/ControlRig_Arrow2_1mm.ubulk" 368
"../../../Engine/Plugins/Animation/ControlRig/Content/Controls/ControlRig_Arrow2_1mm.uasset" 369
"../../../Engine/Plugins/Animation/ControlRig/Content/Controls/ControlRig_Arrow2_1mm.uexp" 370
"../../../Engine/Plugins/Animation/ControlRig/Content/Controls/ControlRigGizmoMaterial.uasset" 371
"../../../Engine/Plugins/Animation/ControlRig/Content/Controls/ControlRigGizmoMaterial.uexp" 372
"../../../Engine/Plugins/2D/Paper2D/Content/PlaceholderTextures/DummySpriteTexture.ubulk" 373
"../../../Engine/Plugins/2D/Paper2D/Content/PlaceholderTextures/DummySpriteTexture.uasset" 374
"../../../Engine/Plugins/2D/Paper2D/Content/PlaceholderTextures/DummySpriteTexture.uexp" 375
"../../../Engine/Plugins/2D/Paper2D/Content/DefaultSpriteMaterial.uasset" 376
"../../../Engine/Plugins/2D/Paper2D/Content/DefaultSpriteMaterial.uexp" 377
"../../../Engine/Plugins/2D/Paper2D/Content/OpaqueUnlitSpriteMaterial.uasset" 378
"../../../Engine/Plugins/2D/Paper2D/Content/OpaqueUnlitSpriteMaterial.uexp" 379
"../../../Engine/Plugins/2D/Paper2D/Content/MaskedUnlitSpriteMaterial.uasset" 380
"../../../Engine/Plugins/2D/Paper2D/Content/MaskedUnlitSpriteMaterial.uexp" 381
"../../../Engine/Plugins/2D/Paper2D/Content/DummySprite.uasset" 382
"../../../Engine/Plugins/2D/Paper2D/Content/DummySprite.uexp" 383
"../../../Engine/Plugins/2D/Paper2D/Content/DefaultPaperTerrainMaterial.uasset" 384
"../../../Engine/Plugins/2D/Paper2D/Content/DefaultPaperTerrainMaterial.uexp" 385
"../../../Engine/Content/VREditor/TransformGizmo/Main.uasset" 386
"../../../Engine/Content/VREditor/TransformGizmo/Main.uexp" 387
"../../../Engine/Content/VREditor/TransformGizmo/Xray.uasset" 388
"../../../Engine/Content/VREditor/TransformGizmo/Xray.uexp" 389
"../../../Engine/Content/VREditor/TransformGizmo/SM_Sequencer_Node.ubulk" 390
"../../../Engine/Content/VREditor/TransformGizmo/SM_Sequencer_Node.uasset" 391
"../../../Engine/Content/VREditor/TransformGizmo/SM_Sequencer_Node.uexp" 392
"../../../Engine/Content/VREditor/LaserPointer/VR_LaserPower_01.ubulk" 393
"../../../Engine/Content/VREditor/LaserPointer/VR_LaserPower_01.uasset" 394
"../../../Engine/Content/VREditor/LaserPointer/VR_LaserPower_01.uexp" 395
"../../../Engine/Content/VREditor/TransformGizmo/TransformGizmoMaterial.uasset" 396
"../../../Engine/Content/VREditor/TransformGizmo/TransformGizmoMaterial.uexp" 397
"../../../Engine/Content/VREditor/TransformGizmo/TranslucentTransformGizmoMaterial.uasset" 398
"../../../Engine/Content/VREditor/TransformGizmo/TranslucentTransformGizmoMaterial.uexp" 399
"../../../Engine/Content/VREditor/TransformGizmo/PlaneTranslationHandle.ubulk" 400
"../../../Engine/Content/VREditor/TransformGizmo/PlaneTranslationHandle.uasset" 401
"../../../Engine/Content/VREditor/TransformGizmo/PlaneTranslationHandle.uexp" 402
"../../../Engine/Content/VREditor/TransformGizmo/BoundingBoxEdge.ubulk" 403
"../../../Engine/Content/VREditor/TransformGizmo/BoundingBoxEdge.uasset" 404
"../../../Engine/Content/VREditor/TransformGizmo/BoundingBoxEdge.uexp" 405
"../../../Engine/Content/VREditor/TransformGizmo/BoundingBoxCorner.ubulk" 406
"../../../Engine/Content/VREditor/TransformGizmo/BoundingBoxCorner.uasset" 407
"../../../Engine/Content/VREditor/TransformGizmo/BoundingBoxCorner.uexp" 408
"../../../Engine/Content/Tutorial/ContentIntroCurve.uasset" 409
"../../../Engine/Content/Tutorial/ContentIntroCurve.uexp" 410
"../../../Engine/Content/Tutorial/SubEditors/TutorialAssets/TutorialMaterial.uasset" 411
"../../../Engine/Content/Tutorial/SubEditors/TutorialAssets/TutorialMaterial.uexp" 412
"../../../Engine/Content/Tutorial/BlueprintTutorials/TutorialAssets/Blueprint_64x.uasset" 413
"../../../Engine/Content/Tutorial/BlueprintTutorials/TutorialAssets/Blueprint_64x.uexp" 414
"../../../Engine/Content/MobileResources/HUD/VirtualJoystick_Background.uasset" 415
"../../../Engine/Content/MobileResources/HUD/VirtualJoystick_Background.uexp" 416
"../../../Engine/Content/MobileResources/HUD/VirtualJoystick_Thumb.uasset" 417
"../../../Engine/Content/MobileResources/HUD/VirtualJoystick_Thumb.uexp" 418
"../../../Engine/Content/MobileResources/HUD/DefaultVirtualJoysticks.uasset" 419
"../../../Engine/Content/MobileResources/HUD/DefaultVirtualJoysticks.uexp" 420
"../../../Engine/Content/Functions/Engine_MaterialFunctions01/Shading/PowerToRoughness.uasset" 421
"../../../Engine/Content/Functions/Engine_MaterialFunctions01/Shading/PowerToRoughness.uexp" 422
"../../../Engine/Content/Functions/Engine_MaterialFunctions01/Shading/ConvertFromDiffSpec.uasset" 423
"../../../Engine/Content/Functions/Engine_MaterialFunctions01/Shading/ConvertFromDiffSpec.uexp" 424
"../../../Engine/Content/EngineSounds/Master.uasset" 425
"../../../Engine/Content/EngineSounds/Master.uexp" 426
"../../../Engine/Content/EngineSky/VolumetricClouds/CloudWeatherTexture.uasset" 427
"../../../Engine/Content/EngineSky/VolumetricClouds/CloudWeatherTexture.uexp" 428
"../../../Engine/Content/EngineSky/VolumetricClouds/CloudGradientTexture.uasset" 429
"../../../Engine/Content/EngineSky/VolumetricClouds/CloudGradientTexture.uexp" 430
"../../../Engine/Content/EngineSky/VolumetricClouds/T_NoiseShape64.ubulk" 431
"../../../Engine/Content/EngineSky/VolumetricClouds/T_NoiseShape64.uasset" 432
"../../../Engine/Content/EngineSky/VolumetricClouds/T_NoiseShape64.uexp" 433
"../../../Engine/Content/EngineSky/VolumetricClouds/T_VolumeNoiseShape64.uasset" 434
"../../../Engine/Content/EngineSky/VolumetricClouds/T_VolumeNoiseShape64.uexp" 435
"../../../Engine/Content/EngineSky/VolumetricClouds/T_NoiseErosion.ubulk" 436
"../../../Engine/Content/EngineSky/VolumetricClouds/T_NoiseErosion.uasset" 437
"../../../Engine/Content/EngineSky/VolumetricClouds/T_NoiseErosion.uexp" 438
"../../../Engine/Content/EngineSky/VolumetricClouds/T_VolumeNoiseErosion32.uasset" 439
"../../../Engine/Content/EngineSky/VolumetricClouds/T_VolumeNoiseErosion32.uexp" 440
"../../../Engine/Content/EngineSky/VolumetricClouds/m_SimpleVolumetricCloud.uasset" 441
"../../../Engine/Content/EngineSky/VolumetricClouds/m_SimpleVolumetricCloud.uexp" 442
"../../../Engine/Content/EngineSky/VolumetricClouds/m_SimpleVolumetricCloud_Inst.uasset" 443
"../../../Engine/Content/EngineSky/VolumetricClouds/m_SimpleVolumetricCloud_Inst.uexp" 444
"../../../Engine/Content/EngineResources/GradientTexture0.uasset" 445
"../../../Engine/Content/EngineResources/GradientTexture0.uexp" 446
"../../../Engine/Content/EngineResources/DefaultVolumeTexture2D.uasset" 447
"../../../Engine/Content/EngineResources/DefaultVolumeTexture2D.uexp" 448
"../../../Engine/Content/EngineResources/DefaultVolumeTexture.uasset" 449
"../../../Engine/Content/EngineResources/DefaultVolumeTexture.uexp" 450
"../../../Engine/Content/EngineResources/DefaultTextureCube.uasset" 451
"../../../Engine/Content/EngineResources/DefaultTextureCube.uexp" 452
"../../../Engine/Content/EngineResources/DefaultTexture.ubulk" 453
"../../../Engine/Content/EngineResources/DefaultTexture.uasset" 454
"../../../Engine/Content/EngineResources/DefaultTexture.uexp" 455
"../../../Engine/Content/EngineResources/FilmGrains/Marcie_Grain_v3_128_M2_000.uasset" 456
"../../../Engine/Content/EngineResources/FilmGrains/Marcie_Grain_v3_128_M2_000.uexp" 457
"../../../Engine/Content/EngineMeshes/Sphere.ubulk" 458
"../../../Engine/Content/EngineMeshes/Sphere.uasset" 459
"../../../Engine/Content/EngineMeshes/Sphere.uexp" 460
"../../../Engine/Content/EngineMaterials/DefaultMaterial.uasset" 461
"../../../Engine/Content/EngineMaterials/DefaultMaterial.uexp" 462
"../../../Engine/Content/EngineMeshes/Cube.ubulk" 463
"../../../Engine/Content/EngineMeshes/Cube.uasset" 464
"../../../Engine/Content/EngineMeshes/Cube.uexp" 465
"../../../Engine/Content/EngineMaterials/Widget3DPassThrough.uasset" 466
"../../../Engine/Content/EngineMaterials/Widget3DPassThrough.uexp" 467
"../../../Engine/Content/EngineMaterials/Widget3DPassThrough_Translucent.uasset" 468
"../../../Engine/Content/EngineMaterials/Widget3DPassThrough_Translucent.uexp" 469
"../../../Engine/Content/EngineMaterials/Widget3DPassThrough_Translucent_OneSided.uasset" 470
"../../../Engine/Content/EngineMaterials/Widget3DPassThrough_Translucent_OneSided.uexp" 471
"../../../Engine/Content/EngineMaterials/Widget3DPassThrough_Opaque.uasset" 472
"../../../Engine/Content/EngineMaterials/Widget3DPassThrough_Opaque.uexp" 473
"../../../Engine/Content/EngineMaterials/Widget3DPassThrough_Opaque_OneSided.uasset" 474
"../../../Engine/Content/EngineMaterials/Widget3DPassThrough_Opaque_OneSided.uexp" 475
"../../../Engine/Content/EngineMaterials/Widget3DPassThrough_Masked_OneSided.uasset" 476
"../../../Engine/Content/EngineMaterials/Widget3DPassThrough_Masked_OneSided.uexp" 477
"../../../Engine/Content/EngineMaterials/Widget3DPassThrough_Masked.uasset" 478
"../../../Engine/Content/EngineMaterials/Widget3DPassThrough_Masked.uexp" 479
"../../../Engine/Content/EngineMaterials/WeightMapPlaceholderTexture.uasset" 480
"../../../Engine/Content/EngineMaterials/WeightMapPlaceholderTexture.uexp" 481
"../../../Engine/Content/EngineMaterials/RemoveSurfaceMaterial.uasset" 482
"../../../Engine/Content/EngineMaterials/RemoveSurfaceMaterial.uexp" 483
"../../../Engine/Content/EngineMaterials/PreintegratedSkinBRDF.uasset" 484
"../../../Engine/Content/EngineMaterials/PreintegratedSkinBRDF.uexp" 485
"../../../Engine/Content/EngineMaterials/DefaultCalibrationGrayscale.uasset" 486
"../../../Engine/Content/EngineMaterials/DefaultCalibrationGrayscale.uexp" 487
"../../../Engine/Content/EngineMaterials/PPM_DefaultCalibrationGrayscale.uasset" 488
"../../../Engine/Content/EngineMaterials/PPM_DefaultCalibrationGrayscale.uexp" 489
"../../../Engine/Content/EngineMaterials/DefaultCalibrationColor.uasset" 490
"../../../Engine/Content/EngineMaterials/DefaultCalibrationColor.uexp" 491
"../../../Engine/Content/EngineMaterials/PPM_DefaultCalibrationColor.uasset" 492
"../../../Engine/Content/EngineMaterials/PPM_DefaultCalibrationColor.uexp" 493
"../../../Engine/Content/EngineMaterials/PhAT_JointLimitMaterial.uasset" 494
"../../../Engine/Content/EngineMaterials/PhAT_JointLimitMaterial.uexp" 495
"../../../Engine/Content/EngineMaterials/InvalidLightmapSettings.ubulk" 496
"../../../Engine/Content/EngineMaterials/InvalidLightmapSettings.uasset" 497
"../../../Engine/Content/EngineMaterials/InvalidLightmapSettings.uexp" 498
"../../../Engine/Content/EngineMaterials/M_InvalidLightmapSettings.uasset" 499
"../../../Engine/Content/EngineMaterials/M_InvalidLightmapSettings.uexp" 500
"../../../Engine/Content/EngineMaterials/MiniFont.uasset" 501
"../../../Engine/Content/EngineMaterials/MiniFont.uexp" 502
"../../../Engine/Content/EngineMaterials/Good64x64TilingNoiseHighFreq.uasset" 503
"../../../Engine/Content/EngineMaterials/Good64x64TilingNoiseHighFreq.uexp" 504
"../../../Engine/Content/EngineMaterials/GizmoMaterial.uasset" 505
"../../../Engine/Content/EngineMaterials/GizmoMaterial.uexp" 506
"../../../Engine/Content/EngineMaterials/BaseFlattenEmissiveMap_VT.uasset" 507
"../../../Engine/Content/EngineMaterials/BaseFlattenEmissiveMap_VT.uexp" 508
"../../../Engine/Content/EngineMaterials/BaseFlattenGrayscaleMap_VT.uasset" 509
"../../../Engine/Content/EngineMaterials/BaseFlattenGrayscaleMap_VT.uexp" 510
"../../../Engine/Content/EngineMaterials/BaseFlattenLinearColor_VT.uasset" 511
"../../../Engine/Content/EngineMaterials/BaseFlattenLinearColor_VT.uexp" 512
"../../../Engine/Content/EngineMaterials/Black_1x1_EXR_Texture_VT.uasset" 513
"../../../Engine/Content/EngineMaterials/Black_1x1_EXR_Texture_VT.uexp" 514
"../../../Engine/Content/EngineMaterials/BaseFlattenDiffuseMap_VT.uasset" 515
"../../../Engine/Content/EngineMaterials/BaseFlattenDiffuseMap_VT.uexp" 516
"../../../Engine/Content/EngineMaterials/BaseFlattenNormalMap_VT.uasset" 517
"../../../Engine/Content/EngineMaterials/BaseFlattenNormalMap_VT.uexp" 518
"../../../Engine/Content/EngineMaterials/FlattenMaterial_WS_Normal_VT.uasset" 519
"../../../Engine/Content/EngineMaterials/FlattenMaterial_WS_Normal_VT.uexp" 520
"../../../Engine/Content/EngineMaterials/FlattenMaterial_VT.uasset" 521
"../../../Engine/Content/EngineMaterials/FlattenMaterial_VT.uexp" 522
"../../../Engine/Content/EngineMaterials/BaseFlattenGrayscaleMap.uasset" 523
"../../../Engine/Content/EngineMaterials/BaseFlattenGrayscaleMap.uexp" 524
"../../../Engine/Content/EngineMaterials/BaseFlattenDiffuseMap.uasset" 525
"../../../Engine/Content/EngineMaterials/BaseFlattenDiffuseMap.uexp" 526
"../../../Engine/Content/Functions/Engine_MaterialFunctions02/PivotPainter2/Black_1x1_EXR_Texture.uasset" 527
"../../../Engine/Content/Functions/Engine_MaterialFunctions02/PivotPainter2/Black_1x1_EXR_Texture.uexp" 528
"../../../Engine/Content/EngineMaterials/BaseFlattenEmissiveMap.uasset" 529
"../../../Engine/Content/EngineMaterials/BaseFlattenEmissiveMap.uexp" 530
"../../../Engine/Content/EngineMaterials/BaseFlattenLinearColor.uasset" 531
"../../../Engine/Content/EngineMaterials/BaseFlattenLinearColor.uexp" 532
"../../../Engine/Content/EngineMaterials/FlattenMaterial.uasset" 533
"../../../Engine/Content/EngineMaterials/FlattenMaterial.uexp" 534
"../../../Engine/Content/EngineMaterials/DefaultWhiteGrid_Low.uasset" 535
"../../../Engine/Content/EngineMaterials/DefaultWhiteGrid_Low.uexp" 536
"../../../Engine/Content/EngineMaterials/EmissiveMeshMaterial.uasset" 537
"../../../Engine/Content/EngineMaterials/EmissiveMeshMaterial.uexp" 538
"../../../Engine/Content/EngineMaterials/DefaultWhiteGrid.ubulk" 539
"../../../Engine/Content/EngineMaterials/DefaultWhiteGrid.uasset" 540
"../../../Engine/Content/EngineMaterials/DefaultWhiteGrid.uexp" 541
"../../../Engine/Content/EngineFonts/RobotoDistanceField.uasset" 542
"../../../Engine/Content/EngineFonts/RobotoDistanceField.uexp" 543
"../../../Engine/Content/EngineMaterials/DefaultTextMaterialOpaque.uasset" 544
"../../../Engine/Content/EngineMaterials/DefaultTextMaterialOpaque.uexp" 545
"../../../Engine/Content/EngineMaterials/DefaultDiffuse.ubulk" 546
"../../../Engine/Content/EngineMaterials/DefaultDiffuse.uasset" 547
"../../../Engine/Content/EngineMaterials/DefaultDiffuse.uexp" 548
"../../../Engine/Content/Functions/Engine_MaterialFunctions02/Utility/BreakOutFloat2Components.uasset" 549
"../../../Engine/Content/Functions/Engine_MaterialFunctions02/Utility/BreakOutFloat2Components.uexp" 550
"../../../Engine/Content/EngineMaterials/DefaultPostProcessMaterial.uasset" 551
"../../../Engine/Content/EngineMaterials/DefaultPostProcessMaterial.uexp" 552
"../../../Engine/Content/EngineMaterials/DefaultPhysicalMaterial.uasset" 553
"../../../Engine/Content/EngineMaterials/DefaultPhysicalMaterial.uexp" 554
"../../../Engine/Content/EngineMaterials/DefaultLightFunctionMaterial.uasset" 555
"../../../Engine/Content/EngineMaterials/DefaultLightFunctionMaterial.uexp" 556
"../../../Engine/Content/EngineMaterials/DefaultDestructiblePhysicalMaterial.uasset" 557
"../../../Engine/Content/EngineMaterials/DefaultDestructiblePhysicalMaterial.uexp" 558
"../../../Engine/Content/EngineMaterials/DefaultDeferredDecalMaterial.uasset" 559
"../../../Engine/Content/EngineMaterials/DefaultDeferredDecalMaterial.uexp" 560
"../../../Engine/Content/EngineMaterials/DefaultBokeh.uasset" 561
"../../../Engine/Content/EngineMaterials/DefaultBokeh.uexp" 562
"../../../Engine/Content/EngineMaterials/DefaultBloomKernel.uasset" 563
"../../../Engine/Content/EngineMaterials/DefaultBloomKernel.uexp" 564
"../../../Engine/Content/EngineMaterials/BlueNoise.uasset" 565
"../../../Engine/Content/EngineMaterials/BlueNoise.uexp" 566
"../../../Engine/Content/EngineFonts/Faces/RobotoLight.uexp" 567
"../../../Engine/Content/EngineFonts/Faces/RobotoLight.uasset" 568
"../../../Engine/Content/EngineFonts/Faces/RobotoLight.ufont" 569
"../../../Engine/Content/EngineFonts/Faces/RobotoBold.uexp" 570
"../../../Engine/Content/EngineFonts/Faces/RobotoBold.uasset" 571
"../../../Engine/Content/EngineFonts/Faces/RobotoBold.ufont" 572
"../../../Engine/Content/EngineFonts/Faces/RobotoRegular.uexp" 573
"../../../Engine/Content/EngineFonts/Faces/RobotoRegular.uasset" 574
"../../../Engine/Content/EngineFonts/Faces/RobotoRegular.ufont" 575
"../../../Engine/Content/EngineFonts/Faces/DroidSansFallback.uexp" 576
"../../../Engine/Content/EngineFonts/Faces/DroidSansFallback.uasset" 577
"../../../Engine/Content/EngineFonts/Faces/DroidSansFallback.ufont" 578
"../../../Engine/Content/EngineFonts/Faces/RobotoItalic.uexp" 579
"../../../Engine/Content/EngineFonts/Faces/RobotoItalic.uasset" 580
"../../../Engine/Content/EngineFonts/Faces/RobotoItalic.ufont" 581
"../../../Engine/Content/EngineFonts/Faces/RobotoBoldItalic.uexp" 582
"../../../Engine/Content/EngineFonts/Faces/RobotoBoldItalic.uasset" 583
"../../../Engine/Content/EngineFonts/Faces/RobotoBoldItalic.ufont" 584
"../../../Engine/Content/EngineFonts/Roboto.uasset" 585
"../../../Engine/Content/EngineFonts/Roboto.uexp" 586
"../../../Engine/Content/Functions/Engine_MaterialFunctions02/Utility/CameraDirectionVector.uasset" 587
"../../../Engine/Content/Functions/Engine_MaterialFunctions02/Utility/CameraDirectionVector.uexp" 588
"../../../Engine/Content/EngineDebugMaterials/VolumeToRender.uasset" 589
"../../../Engine/Content/EngineDebugMaterials/VolumeToRender.uexp" 590
"../../../Engine/Content/EngineDebugMaterials/M_VolumeRenderSphereTracePP.uasset" 591
"../../../Engine/Content/EngineDebugMaterials/M_VolumeRenderSphereTracePP.uexp" 592
"../../../Engine/Content/EngineDebugMaterials/M_SimpleUnlitTranslucent.uasset" 593
"../../../Engine/Content/EngineDebugMaterials/M_SimpleUnlitTranslucent.uexp" 594
"../../../Engine/Content/EngineDebugMaterials/DebugMeshMaterial.uasset" 595
"../../../Engine/Content/EngineDebugMaterials/DebugMeshMaterial.uexp" 596
"../../../Engine/Content/EngineDebugMaterials/DebugEditorMaterial.uasset" 597
"../../../Engine/Content/EngineDebugMaterials/DebugEditorMaterial.uexp" 598
"../../../Engine/Content/EngineDamageTypes/DmgTypeBP_Environmental.uasset" 599
"../../../Engine/Content/EngineDamageTypes/DmgTypeBP_Environmental.uexp" 600
"../../../Engine/Content/EditorResources/S_TriggerSphere.uasset" 601
"../../../Engine/Content/EditorResources/S_TriggerSphere.uexp" 602
"../../../Engine/Content/EditorResources/S_TriggerCapsule.uasset" 603
"../../../Engine/Content/EditorResources/S_TriggerCapsule.uexp" 604
"../../../Engine/Content/EditorResources/S_TriggerBox.uasset" 605
"../../../Engine/Content/EditorResources/S_TriggerBox.uexp" 606
"../../../Engine/Content/EditorResources/S_Trigger.ubulk" 607
"../../../Engine/Content/EditorResources/S_Trigger.uasset" 608
"../../../Engine/Content/EditorResources/S_Trigger.uexp" 609
"../../../Engine/Content/EditorResources/S_Terrain.ubulk" 610
"../../../Engine/Content/EditorResources/S_Terrain.uasset" 611
"../../../Engine/Content/EditorResources/S_Terrain.uexp" 612
"../../../Engine/Content/EditorResources/S_Solver.ubulk" 613
"../../../Engine/Content/EditorResources/S_Solver.uasset" 614
"../../../Engine/Content/EditorResources/S_Solver.uexp" 615
"../../../Engine/Content/EditorResources/S_BoxReflectionCapture.uasset" 616
"../../../Engine/Content/EditorResources/S_BoxReflectionCapture.uexp" 617
"../../../Engine/Content/EditorResources/S_Actor.ubulk" 618
"../../../Engine/Content/EditorResources/S_Actor.uasset" 619
"../../../Engine/Content/EditorResources/S_Actor.uexp" 620
"../../../Engine/Content/EditorResources/EmptyActor.uasset" 621
"../../../Engine/Content/EditorResources/EmptyActor.uexp" 622
"../../../Engine/Content/EditorResources/BSPVertex.uasset" 623
"../../../Engine/Content/EditorResources/BSPVertex.uexp" 624
"../../../Engine/Content/EditorResources/SequenceRecorder/RecordingIndicator.uasset" 625
"../../../Engine/Content/EditorResources/SequenceRecorder/RecordingIndicator.uexp" 626
"../../../Engine/Content/EditorResources/SequenceRecorder/Countdown.uasset" 627
"../../../Engine/Content/EditorResources/SequenceRecorder/Countdown.uexp" 628
"../../../Engine/Content/EditorResources/LightIcons/S_LightError.uasset" 629
"../../../Engine/Content/EditorResources/LightIcons/S_LightError.uexp" 630
"../../../Engine/Content/EditorMaterials/Camera/CineMat.uasset" 631
"../../../Engine/Content/EditorMaterials/Camera/CineMat.uexp" 632
"../../../Engine/Content/EditorMaterials/Camera/MI_CineMat_Rig.uasset" 633
"../../../Engine/Content/EditorMaterials/Camera/MI_CineMat_Rig.uexp" 634
"../../../Engine/Content/EditorMeshes/Camera/SM_RailRig_Track.ubulk" 635
"../../../Engine/Content/EditorMeshes/Camera/SM_RailRig_Track.uasset" 636
"../../../Engine/Content/EditorMeshes/Camera/SM_RailRig_Track.uexp" 637
"../../../Engine/Content/EditorMeshes/Camera/SM_RailRig_Mount.ubulk" 638
"../../../Engine/Content/EditorMeshes/Camera/SM_RailRig_Mount.uasset" 639
"../../../Engine/Content/EditorMeshes/Camera/SM_RailRig_Mount.uexp" 640
"../../../Engine/Content/EditorMeshes/Camera/SM_CraneRig_Mount.ubulk" 641
"../../../Engine/Content/EditorMeshes/Camera/SM_CraneRig_Mount.uasset" 642
"../../../Engine/Content/EditorMeshes/Camera/SM_CraneRig_Mount.uexp" 643
"../../../Engine/Content/EditorMeshes/Camera/SM_CraneRig_Body.ubulk" 644
"../../../Engine/Content/EditorMeshes/Camera/SM_CraneRig_Body.uasset" 645
"../../../Engine/Content/EditorMeshes/Camera/SM_CraneRig_Body.uexp" 646
"../../../Engine/Content/EditorMeshes/Camera/SM_CraneRig_Base.ubulk" 647
"../../../Engine/Content/EditorMeshes/Camera/SM_CraneRig_Base.uasset" 648
"../../../Engine/Content/EditorMeshes/Camera/SM_CraneRig_Base.uexp" 649
"../../../Engine/Content/EditorMeshes/Camera/SM_CraneRig_Arm.ubulk" 650
"../../../Engine/Content/EditorMeshes/Camera/SM_CraneRig_Arm.uasset" 651
"../../../Engine/Content/EditorMeshes/Camera/SM_CraneRig_Arm.uexp" 652
"../../../Engine/Content/EditorMaterials/PreviewShadowIndicator.ubulk" 653
"../../../Engine/Content/EditorMaterials/PreviewShadowIndicator.uasset" 654
"../../../Engine/Content/EditorMaterials/PreviewShadowIndicator.uexp" 655
"../../../Engine/Content/EditorMaterials/PreviewShadowIndicatorMaterial.uasset" 656
"../../../Engine/Content/EditorMaterials/PreviewShadowIndicatorMaterial.uexp" 657
"../../../Engine/Content/EditorMaterials/MAT_Groups_Visibility.uasset" 658
"../../../Engine/Content/EditorMaterials/MAT_Groups_Visibility.uexp" 659
"../../../Engine/Content/EditorMaterials/MAT_Groups_Toggle.uasset" 660
"../../../Engine/Content/EditorMaterials/MAT_Groups_Toggle.uexp" 661
"../../../Engine/Content/Functions/Engine_MaterialFunctions02/Utility/MakeFloat4.uasset" 662
"../../../Engine/Content/Functions/Engine_MaterialFunctions02/Utility/MakeFloat4.uexp" 663
"../../../Engine/Content/EditorMaterials/WorldPartition/WorldPartitionSpatialHashGridPreviewMaterial.uasset" 664
"../../../Engine/Content/EditorMaterials/WorldPartition/WorldPartitionSpatialHashGridPreviewMaterial.uexp" 665
"../../../Engine/Content/EditorMaterials/ParticleSystems/PSysThumbnail_OOD.ubulk" 666
"../../../Engine/Content/EditorMaterials/ParticleSystems/PSysThumbnail_OOD.uasset" 667
"../../../Engine/Content/EditorMaterials/ParticleSystems/PSysThumbnail_OOD.uexp" 668
"../../../Engine/Content/EditorMaterials/ParticleSystems/PSysThumbnail_NoImage.ubulk" 669
"../../../Engine/Content/EditorMaterials/ParticleSystems/PSysThumbnail_NoImage.uasset" 670
"../../../Engine/Content/EditorMaterials/ParticleSystems/PSysThumbnail_NoImage.uexp" 671
"../../../Engine/Content/EditorMaterials/MatineeGroups/MAT_Groups_Vector.uasset" 672
"../../../Engine/Content/EditorMaterials/MatineeGroups/MAT_Groups_Vector.uexp" 673
"../../../Engine/Content/EditorMaterials/MatineeGroups/MAT_Groups_Sound.uasset" 674
"../../../Engine/Content/EditorMaterials/MatineeGroups/MAT_Groups_Sound.uexp" 675
"../../../Engine/Content/EditorMaterials/MatineeGroups/MAT_Groups_Slomo.uasset" 676
"../../../Engine/Content/EditorMaterials/MatineeGroups/MAT_Groups_Slomo.uexp" 677
"../../../Engine/Content/EditorMaterials/MatineeGroups/MAT_Groups_Move.uasset" 678
"../../../Engine/Content/EditorMaterials/MatineeGroups/MAT_Groups_Move.uexp" 679
"../../../Engine/Content/EditorMaterials/MatineeGroups/MAT_Groups_Float.uasset" 680
"../../../Engine/Content/EditorMaterials/MatineeGroups/MAT_Groups_Float.uexp" 681
"../../../Engine/Content/EditorMaterials/MatineeGroups/MAT_Groups_Fade.uasset" 682
"../../../Engine/Content/EditorMaterials/MatineeGroups/MAT_Groups_Fade.uexp" 683
"../../../Engine/Content/EditorMaterials/MatineeGroups/MAT_Groups_Event.uasset" 684
"../../../Engine/Content/EditorMaterials/MatineeGroups/MAT_Groups_Event.uexp" 685
"../../../Engine/Content/EditorMaterials/MatineeGroups/MAT_Groups_Director.uasset" 686
"../../../Engine/Content/EditorMaterials/MatineeGroups/MAT_Groups_Director.uexp" 687
"../../../Engine/Content/EditorMaterials/MatineeGroups/MAT_Groups_AudioMaster.uasset" 688
"../../../Engine/Content/EditorMaterials/MatineeGroups/MAT_Groups_AudioMaster.uexp" 689
"../../../Engine/Content/EditorMaterials/MatineeGroups/MAT_Groups_Anim.uasset" 690
"../../../Engine/Content/EditorMaterials/MatineeGroups/MAT_Groups_Anim.uexp" 691
"../../../Engine/Content/EditorMaterials/MatineeGroups/MAT_ColorTrack.uasset" 692
"../../../Engine/Content/EditorMaterials/MatineeGroups/MAT_ColorTrack.uexp" 693
"../../../Engine/Content/EditorLandscapeResources/DefaultAlphaTexture.uasset" 694
"../../../Engine/Content/EditorLandscapeResources/DefaultAlphaTexture.uexp" 695
"../../../Engine/Content/EditorLandscapeResources/DataLayer.uasset" 696
"../../../Engine/Content/EditorLandscapeResources/DataLayer.uexp" 697
"../../../Engine/Content/BasicShapes/Sphere.ubulk" 698
"../../../Engine/Content/BasicShapes/Sphere.uasset" 699
"../../../Engine/Content/BasicShapes/Sphere.uexp" 700
"../../../Engine/Content/BasicShapes/Cylinder.ubulk" 701
"../../../Engine/Content/BasicShapes/Cylinder.uasset" 702
"../../../Engine/Content/BasicShapes/Cylinder.uexp" 703
"../../../Engine/Content/BasicShapes/Cube.ubulk" 704
"../../../Engine/Content/BasicShapes/Cube.uasset" 705
"../../../Engine/Content/BasicShapes/Cube.uexp" 706
"../../../Engine/Content/ArtTools/RenderToTexture/Meshes/S_1_Unit_Plane.ubulk" 707
"../../../Engine/Content/ArtTools/RenderToTexture/Meshes/S_1_Unit_Plane.uasset" 708
"../../../Engine/Content/ArtTools/RenderToTexture/Meshes/S_1_Unit_Plane.uexp" 709
"E:/Unreal Projects/GameJam/Content/Maps/MainMenu_BuiltData.ubulk" 710
"E:/Unreal Projects/GameJam/Content/Maps/MainMenu_BuiltData.uasset" 711
"E:/Unreal Projects/GameJam/Content/Maps/MainMenu_BuiltData.uexp" 712
"E:/Unreal Projects/GameJam/Content/Sound/MenuMusic.ubulk" 713
"E:/Unreal Projects/GameJam/Content/Sound/MenuMusic.uasset" 714
"E:/Unreal Projects/GameJam/Content/Sound/MenuMusic.uexp" 715
"../../../Engine/Content/EngineSky/C_Sky_Horizon_Color.uasset" 716
"../../../Engine/Content/EngineSky/C_Sky_Horizon_Color.uexp" 717
"../../../Engine/Content/EngineSky/T_Sky_Stars.ubulk" 718
"../../../Engine/Content/EngineSky/T_Sky_Stars.uasset" 719
"../../../Engine/Content/EngineSky/T_Sky_Stars.uexp" 720
"../../../Engine/Content/EngineSky/T_Sky_Clouds_M.ubulk" 721
"../../../Engine/Content/EngineSky/T_Sky_Clouds_M.uasset" 722
"../../../Engine/Content/EngineSky/T_Sky_Clouds_M.uexp" 723
"../../../Engine/Content/EngineSky/T_Sky_Blue.ubulk" 724
"../../../Engine/Content/EngineSky/T_Sky_Blue.uasset" 725
"../../../Engine/Content/EngineSky/T_Sky_Blue.uexp" 726
"../../../Engine/Content/EngineSky/M_Sky_Panning_Clouds2.uasset" 727
"../../../Engine/Content/EngineSky/M_Sky_Panning_Clouds2.uexp" 728
"../../../Engine/Content/EngineSky/SM_SkySphere.ubulk" 729
"../../../Engine/Content/EngineSky/SM_SkySphere.uasset" 730
"../../../Engine/Content/EngineSky/SM_SkySphere.uexp" 731
"../../../Engine/Content/EngineSky/C_Sky_Cloud_Color.uasset" 732
"../../../Engine/Content/EngineSky/C_Sky_Cloud_Color.uexp" 733
"../../../Engine/Content/EngineSky/C_Sky_Zenith_Color.uasset" 734
"../../../Engine/Content/EngineSky/C_Sky_Zenith_Color.uexp" 735
"../../../Engine/Content/EditorBlueprintResources/StandardMacros.uasset" 736
"../../../Engine/Content/EditorBlueprintResources/StandardMacros.uexp" 737
"../../../Engine/Content/EngineSky/BP_Sky_Sphere.uasset" 738
"../../../Engine/Content/EngineSky/BP_Sky_Sphere.uexp" 739
"../../../Engine/Content/MapTemplates/SM_Template_Map_Floor.ubulk" 740
"../../../Engine/Content/MapTemplates/SM_Template_Map_Floor.uasset" 741
"../../../Engine/Content/MapTemplates/SM_Template_Map_Floor.uexp" 742
"E:/Unreal Projects/GameJam/Content/UI/MainMenu/menu_exit.uasset" 743
"E:/Unreal Projects/GameJam/Content/UI/MainMenu/menu_exit.uexp" 744
"E:/Unreal Projects/GameJam/Content/UI/MainMenu/background.uasset" 745
"E:/Unreal Projects/GameJam/Content/UI/MainMenu/background.uexp" 746
"E:/Unreal Projects/GameJam/Content/UI/MainMenu/menu_base.uasset" 747
"E:/Unreal Projects/GameJam/Content/UI/MainMenu/menu_base.uexp" 748
"E:/Unreal Projects/GameJam/Content/UI/MainMenu/menu_play.uasset" 749
"E:/Unreal Projects/GameJam/Content/UI/MainMenu/menu_play.uexp" 750
"E:/Unreal Projects/GameJam/Content/UI/MainMenu/title.uasset" 751
"E:/Unreal Projects/GameJam/Content/UI/MainMenu/title.uexp" 752
"E:/Unreal Projects/GameJam/Content/Sound/Click.uasset" 753
"E:/Unreal Projects/GameJam/Content/Sound/Click.uexp" 754
"E:/Unreal Projects/GameJam/Content/UI/MainMenu/MainMenu.uasset" 755
"E:/Unreal Projects/GameJam/Content/UI/MainMenu/MainMenu.uexp" 756
"E:/Unreal Projects/GameJam/Content/Maps/MainMenu.uexp" 757
"E:/Unreal Projects/GameJam/Content/Maps/MainMenu.umap" 758
"E:/Unreal Projects/GameJam/Content/Geometry/Park_objects/parkobj_geometry/tree1_wobbly_tree1_trunk.ubulk" 759
"E:/Unreal Projects/GameJam/Content/Geometry/Park_objects/parkobj_geometry/tree1_wobbly_tree1_trunk.uasset" 760
"E:/Unreal Projects/GameJam/Content/Geometry/Park_objects/parkobj_geometry/tree1_wobbly_tree1_trunk.uexp" 761
"E:/Unreal Projects/GameJam/Content/Geometry/Park_objects/parkobj_geometry/tree1_wobbly_tree1_leaves.ubulk" 762
"E:/Unreal Projects/GameJam/Content/Geometry/Park_objects/parkobj_geometry/tree1_wobbly_tree1_leaves.uasset" 763
"E:/Unreal Projects/GameJam/Content/Geometry/Park_objects/parkobj_geometry/tree1_wobbly_tree1_leaves.uexp" 764
"E:/Unreal Projects/GameJam/Content/lookdev/colortextures1.ubulk" 765
"E:/Unreal Projects/GameJam/Content/lookdev/colortextures1.uasset" 766
"E:/Unreal Projects/GameJam/Content/lookdev/colortextures1.uexp" 767
"E:/Unreal Projects/GameJam/Content/lookdev/flatshader1_mtl.uasset" 768
"E:/Unreal Projects/GameJam/Content/lookdev/flatshader1_mtl.uexp" 769
"E:/Unreal Projects/GameJam/Content/lookdev/flatshader1_mtl_Inst.uasset" 770
"E:/Unreal Projects/GameJam/Content/lookdev/flatshader1_mtl_Inst.uexp" 771
"E:/Unreal Projects/GameJam/Content/Geometry/Park_objects/Tree_wobbly.uasset" 772
"E:/Unreal Projects/GameJam/Content/Geometry/Park_objects/Tree_wobbly.uexp" 773
"E:/Unreal Projects/GameJam/Content/UI/Tutorial.uasset" 774
"E:/Unreal Projects/GameJam/Content/UI/Tutorial.uexp" 775
"E:/Unreal Projects/GameJam/Content/StarterContent/Textures/T_Smoke_SubUV.ubulk" 776
"E:/Unreal Projects/GameJam/Content/StarterContent/Textures/T_Smoke_SubUV.uasset" 777
"E:/Unreal Projects/GameJam/Content/StarterContent/Textures/T_Smoke_SubUV.uexp" 778
"E:/Unreal Projects/GameJam/Content/StarterContent/Textures/T_Smoke_Tiled_D.ubulk" 779
"E:/Unreal Projects/GameJam/Content/StarterContent/Textures/T_Smoke_Tiled_D.uasset" 780
"E:/Unreal Projects/GameJam/Content/StarterContent/Textures/T_Smoke_Tiled_D.uexp" 781
"E:/Unreal Projects/GameJam/Content/StarterContent/Particles/Materials/M_smoke_subUV.uasset" 782
"E:/Unreal Projects/GameJam/Content/StarterContent/Particles/Materials/M_smoke_subUV.uexp" 783
"E:/Unreal Projects/GameJam/Content/StarterContent/Textures/T_Burst_M.ubulk" 784
"E:/Unreal Projects/GameJam/Content/StarterContent/Textures/T_Burst_M.uasset" 785
"E:/Unreal Projects/GameJam/Content/StarterContent/Textures/T_Burst_M.uexp" 786
"E:/Unreal Projects/GameJam/Content/StarterContent/Particles/Materials/M_Burst.uasset" 787
"E:/Unreal Projects/GameJam/Content/StarterContent/Particles/Materials/M_Burst.uexp" 788
"E:/Unreal Projects/GameJam/Content/StarterContent/Particles/Materials/m_flare_01.uasset" 789
"E:/Unreal Projects/GameJam/Content/StarterContent/Particles/Materials/m_flare_01.uexp" 790
"E:/Unreal Projects/GameJam/Content/StarterContent/Textures/T_Explosion_SubUV.ubulk" 791
"E:/Unreal Projects/GameJam/Content/StarterContent/Textures/T_Explosion_SubUV.uasset" 792
"E:/Unreal Projects/GameJam/Content/StarterContent/Textures/T_Explosion_SubUV.uexp" 793
"E:/Unreal Projects/GameJam/Content/StarterContent/Particles/Materials/M_explosion_subUV.uasset" 794
"E:/Unreal Projects/GameJam/Content/StarterContent/Particles/Materials/M_explosion_subUV.uexp" 795
"../../../Engine/Content/Functions/Engine_MaterialFunctions01/Gradient/RadialGradient.uasset" 796
"../../../Engine/Content/Functions/Engine_MaterialFunctions01/Gradient/RadialGradient.uexp" 797
"E:/Unreal Projects/GameJam/Content/StarterContent/Particles/Materials/M_radial_ramp.uasset" 798
"E:/Unreal Projects/GameJam/Content/StarterContent/Particles/Materials/M_radial_ramp.uexp" 799
"E:/Unreal Projects/GameJam/Content/StarterContent/Particles/P_Explosion.uasset" 800
"E:/Unreal Projects/GameJam/Content/StarterContent/Particles/P_Explosion.uexp" 801
"E:/Unreal Projects/GameJam/Content/Characters/Monster/bunnymonster1_Skeleton.uasset" 802
"E:/Unreal Projects/GameJam/Content/Characters/Monster/bunnymonster1_Skeleton.uexp" 803
"E:/Unreal Projects/GameJam/Content/Characters/Monster/dinomonster1_PhysicsAsset.uasset" 804
"E:/Unreal Projects/GameJam/Content/Characters/Monster/dinomonster1_PhysicsAsset.uexp" 805
"E:/Unreal Projects/GameJam/Content/Characters/Monster/dinomonster1.uasset" 806
"E:/Unreal Projects/GameJam/Content/Characters/Monster/dinomonster1.uexp" 807
"E:/Unreal Projects/GameJam/Content/Characters/Monster/bunnymonster1_PhysicsAsset.uasset" 808
"E:/Unreal Projects/GameJam/Content/Characters/Monster/bunnymonster1_PhysicsAsset.uexp" 809
"E:/Unreal Projects/GameJam/Content/Characters/Monster/bunnymonster1.uasset" 810
"E:/Unreal Projects/GameJam/Content/Characters/Monster/bunnymonster1.uexp" 811
"E:/Unreal Projects/GameJam/Content/Characters/Monster/BP_Monster.uasset" 812
"E:/Unreal Projects/GameJam/Content/Characters/Monster/BP_Monster.uexp" 813
"../../../Engine/Content/Animation/DefaultAnimCurveCompressionSettings.uasset" 814
"../../../Engine/Content/Animation/DefaultAnimCurveCompressionSettings.uexp" 815
"E:/Unreal Projects/GameJam/Content/Characters/Player/Kid_Skeleton.uasset" 816
"E:/Unreal Projects/GameJam/Content/Characters/Player/Kid_Skeleton.uexp" 817
"../../../Engine/Content/Animation/DefaultAnimBoneCompressionSettings.uasset" 818
"../../../Engine/Content/Animation/DefaultAnimBoneCompressionSettings.uexp" 819
"E:/Unreal Projects/GameJam/Content/Characters/Player/Animations/recharging_Anim.uasset" 820
"E:/Unreal Projects/GameJam/Content/Characters/Player/Animations/recharging_Anim.uexp" 821
"E:/Unreal Projects/GameJam/Content/Characters/Player/Animations/Walk_Anim.uasset" 822
"E:/Unreal Projects/GameJam/Content/Characters/Player/Animations/Walk_Anim.uexp" 823
"E:/Unreal Projects/GameJam/Content/Characters/Player/Animations/Crying_Anim.uasset" 824
"E:/Unreal Projects/GameJam/Content/Characters/Player/Animations/Crying_Anim.uexp" 825
"E:/Unreal Projects/GameJam/Content/Characters/Player/Animations/Sad_Idle_Anim.uasset" 826
"E:/Unreal Projects/GameJam/Content/Characters/Player/Animations/Sad_Idle_Anim.uexp" 827
"E:/Unreal Projects/GameJam/Content/Characters/Player/Animations/Kid_AnimBlueprint.uasset" 828
"E:/Unreal Projects/GameJam/Content/Characters/Player/Animations/Kid_AnimBlueprint.uexp" 829
"E:/Unreal Projects/GameJam/Content/Sound/FlashlightOff.uasset" 830
"E:/Unreal Projects/GameJam/Content/Sound/FlashlightOff.uexp" 831
"E:/Unreal Projects/GameJam/Content/Sound/FlashlightOn.uasset" 832
"E:/Unreal Projects/GameJam/Content/Sound/FlashlightOn.uexp" 833
"E:/Unreal Projects/GameJam/Content/Blueprints/GameInstance.uasset" 834
"E:/Unreal Projects/GameJam/Content/Blueprints/GameInstance.uexp" 835
"E:/Unreal Projects/GameJam/Content/UI/GameOver.uasset" 836
"E:/Unreal Projects/GameJam/Content/UI/GameOver.uexp" 837
"E:/Unreal Projects/GameJam/Content/Characters/Player/Kid_PhysicsAsset.uasset" 838
"E:/Unreal Projects/GameJam/Content/Characters/Player/Kid_PhysicsAsset.uexp" 839
"E:/Unreal Projects/GameJam/Content/Characters/Player/Kid.uasset" 840
"E:/Unreal Projects/GameJam/Content/Characters/Player/Kid.uexp" 841
"../../../Engine/Content/BasicShapes/BasicShapeMaterial.uasset" 842
"../../../Engine/Content/BasicShapes/BasicShapeMaterial.uexp" 843
"E:/Unreal Projects/GameJam/Content/Geometry/Park_objects/parkobj_geometry/streetlamp1_streetlamp.ubulk" 844
"E:/Unreal Projects/GameJam/Content/Geometry/Park_objects/parkobj_geometry/streetlamp1_streetlamp.uasset" 845
"E:/Unreal Projects/GameJam/Content/Geometry/Park_objects/parkobj_geometry/streetlamp1_streetlamp.uexp" 846
"E:/Unreal Projects/GameJam/Content/Geometry/Park_objects/ParkLamp.uasset" 847
"E:/Unreal Projects/GameJam/Content/Geometry/Park_objects/ParkLamp.uexp" 848
"E:/Unreal Projects/GameJam/Content/Characters/Parents/Dad/Dad_Skeleton.uasset" 849
"E:/Unreal Projects/GameJam/Content/Characters/Parents/Dad/Dad_Skeleton.uexp" 850
"E:/Unreal Projects/GameJam/Content/Characters/Parents/Dad/Dad_Anim_mixamo_com.uasset" 851
"E:/Unreal Projects/GameJam/Content/Characters/Parents/Dad/Dad_Anim_mixamo_com.uexp" 852
"E:/Unreal Projects/GameJam/Content/Characters/Parents/Dad/Dad_PhysicsAsset.uasset" 853
"E:/Unreal Projects/GameJam/Content/Characters/Parents/Dad/Dad_PhysicsAsset.uexp" 854
"E:/Unreal Projects/GameJam/Content/Characters/Parents/Dad/lowpolymaterial1.uasset" 855
"E:/Unreal Projects/GameJam/Content/Characters/Parents/Dad/lowpolymaterial1.uexp" 856
"E:/Unreal Projects/GameJam/Content/Characters/Parents/Dad/Dad.uasset" 857
"E:/Unreal Projects/GameJam/Content/Characters/Parents/Dad/Dad.uexp" 858
"E:/Unreal Projects/GameJam/Content/Blueprints/ParentSpawner.uasset" 859
"E:/Unreal Projects/GameJam/Content/Blueprints/ParentSpawner.uexp" 860
"E:/Unreal Projects/GameJam/Content/Characters/Parents/Mom/Mom_Skeleton.uasset" 861
"E:/Unreal Projects/GameJam/Content/Characters/Parents/Mom/Mom_Skeleton.uexp" 862
"E:/Unreal Projects/GameJam/Content/Characters/Parents/Mom/Mom_Anim_mixamo_com.uasset" 863
"E:/Unreal Projects/GameJam/Content/Characters/Parents/Mom/Mom_Anim_mixamo_com.uexp" 864
"E:/Unreal Projects/GameJam/Content/Characters/Parents/Mom/Mom_PhysicsAsset.uasset" 865
"E:/Unreal Projects/GameJam/Content/Characters/Parents/Mom/Mom_PhysicsAsset.uexp" 866
"E:/Unreal Projects/GameJam/Content/Characters/Parents/Mom/lowpolymaterial1.uasset" 867
"E:/Unreal Projects/GameJam/Content/Characters/Parents/Mom/lowpolymaterial1.uexp" 868
"E:/Unreal Projects/GameJam/Content/Characters/Parents/Mom/Mom.uasset" 869
"E:/Unreal Projects/GameJam/Content/Characters/Parents/Mom/Mom.uexp" 870
"E:/Unreal Projects/GameJam/Content/Characters/Parents/BP_Parents.uasset" 871
"E:/Unreal Projects/GameJam/Content/Characters/Parents/BP_Parents.uexp" 872
"E:/Unreal Projects/GameJam/Content/Sound/Poof.ubulk" 873
"E:/Unreal Projects/GameJam/Content/Sound/Poof.uasset" 874
"E:/Unreal Projects/GameJam/Content/Sound/Poof.uexp" 875
"../../../Engine/Content/BasicShapes/Cone.ubulk" 876
"../../../Engine/Content/BasicShapes/Cone.uasset" 877
"../../../Engine/Content/BasicShapes/Cone.uexp" 878
"E:/Unreal Projects/GameJam/Content/Characters/Player/BP_Player.uasset" 879
"E:/Unreal Projects/GameJam/Content/Characters/Player/BP_Player.uexp" 880
"E:/Unreal Projects/GameJam/Content/UI/GUI/flashlight_on.ubulk" 881
"E:/Unreal Projects/GameJam/Content/UI/GUI/flashlight_on.uasset" 882
"E:/Unreal Projects/GameJam/Content/UI/GUI/flashlight_on.uexp" 883
"E:/Unreal Projects/GameJam/Content/UI/GUI/ghost.ubulk" 884
"E:/Unreal Projects/GameJam/Content/UI/GUI/ghost.uasset" 885
"E:/Unreal Projects/GameJam/Content/UI/GUI/ghost.uexp" 886
"E:/Unreal Projects/GameJam/Content/UI/GUI/battery60.ubulk" 887
"E:/Unreal Projects/GameJam/Content/UI/GUI/battery60.uasset" 888
"E:/Unreal Projects/GameJam/Content/UI/GUI/battery60.uexp" 889
"E:/Unreal Projects/GameJam/Content/UI/GUI/battery80.ubulk" 890
"E:/Unreal Projects/GameJam/Content/UI/GUI/battery80.uasset" 891
"E:/Unreal Projects/GameJam/Content/UI/GUI/battery80.uexp" 892
"E:/Unreal Projects/GameJam/Content/UI/GUI/battery40.ubulk" 893
"E:/Unreal Projects/GameJam/Content/UI/GUI/battery40.uasset" 894
"E:/Unreal Projects/GameJam/Content/UI/GUI/battery40.uexp" 895
"E:/Unreal Projects/GameJam/Content/UI/GUI/empty2.ubulk" 896
"E:/Unreal Projects/GameJam/Content/UI/GUI/empty2.uasset" 897
"E:/Unreal Projects/GameJam/Content/UI/GUI/empty2.uexp" 898
"E:/Unreal Projects/GameJam/Content/UI/GUI/flashlight_off.ubulk" 899
"E:/Unreal Projects/GameJam/Content/UI/GUI/flashlight_off.uasset" 900
"E:/Unreal Projects/GameJam/Content/UI/GUI/flashlight_off.uexp" 901
"E:/Unreal Projects/GameJam/Content/UI/GUI/ghost_max.ubulk" 902
"E:/Unreal Projects/GameJam/Content/UI/GUI/ghost_max.uasset" 903
"E:/Unreal Projects/GameJam/Content/UI/GUI/ghost_max.uexp" 904
"E:/Unreal Projects/GameJam/Content/UI/GUI/battery20.ubulk" 905
"E:/Unreal Projects/GameJam/Content/UI/GUI/battery20.uasset" 906
"E:/Unreal Projects/GameJam/Content/UI/GUI/battery20.uexp" 907
"E:/Unreal Projects/GameJam/Content/UI/GUI/battery100.ubulk" 908
"E:/Unreal Projects/GameJam/Content/UI/GUI/battery100.uasset" 909
"E:/Unreal Projects/GameJam/Content/UI/GUI/battery100.uexp" 910
"E:/Unreal Projects/GameJam/Content/UI/GUI/GUI.uasset" 911
"E:/Unreal Projects/GameJam/Content/UI/GUI/GUI.uexp" 912
"E:/Unreal Projects/GameJam/Content/Geometry/Park_objects/parkobj_geometry/tree2_spheres_tree2_trunk.ubulk" 913
"E:/Unreal Projects/GameJam/Content/Geometry/Park_objects/parkobj_geometry/tree2_spheres_tree2_trunk.uasset" 914
"E:/Unreal Projects/GameJam/Content/Geometry/Park_objects/parkobj_geometry/tree2_spheres_tree2_trunk.uexp" 915
"E:/Unreal Projects/GameJam/Content/Geometry/Park_objects/parkobj_geometry/tree2_spheres_tree2_leafsphere1.ubulk" 916
"E:/Unreal Projects/GameJam/Content/Geometry/Park_objects/parkobj_geometry/tree2_spheres_tree2_leafsphere1.uasset" 917
"E:/Unreal Projects/GameJam/Content/Geometry/Park_objects/parkobj_geometry/tree2_spheres_tree2_leafsphere1.uexp" 918
"E:/Unreal Projects/GameJam/Content/Geometry/Park_objects/Tree_spheres.uasset" 919
"E:/Unreal Projects/GameJam/Content/Geometry/Park_objects/Tree_spheres.uexp" 920
"E:/Unreal Projects/GameJam/Content/Geometry/Park_objects/parkobj_geometry/trashcan1_trashfill.ubulk" 921
"E:/Unreal Projects/GameJam/Content/Geometry/Park_objects/parkobj_geometry/trashcan1_trashfill.uasset" 922
"E:/Unreal Projects/GameJam/Content/Geometry/Park_objects/parkobj_geometry/trashcan1_trashfill.uexp" 923
"E:/Unreal Projects/GameJam/Content/Geometry/Park_objects/parkobj_geometry/trashcan1_trashcan.ubulk" 924
"E:/Unreal Projects/GameJam/Content/Geometry/Park_objects/parkobj_geometry/trashcan1_trashcan.uasset" 925
"E:/Unreal Projects/GameJam/Content/Geometry/Park_objects/parkobj_geometry/trashcan1_trashcan.uexp" 926
"E:/Unreal Projects/GameJam/Content/Geometry/Park_objects/Trashcan.uasset" 927
"E:/Unreal Projects/GameJam/Content/Geometry/Park_objects/Trashcan.uexp" 928
"E:/Unreal Projects/GameJam/Content/Sound/NightAmbience.ubulk" 929
"E:/Unreal Projects/GameJam/Content/Sound/NightAmbience.uasset" 930
"E:/Unreal Projects/GameJam/Content/Sound/NightAmbience.uexp" 931
"E:/Unreal Projects/GameJam/Content/Geometry/Meshes/CubeMaterial.uasset" 932
"E:/Unreal Projects/GameJam/Content/Geometry/Meshes/CubeMaterial.uexp" 933
"E:/Unreal Projects/GameJam/Content/Geometry/Meshes/1M_Cube.ubulk" 934
"E:/Unreal Projects/GameJam/Content/Geometry/Meshes/1M_Cube.uasset" 935
"E:/Unreal Projects/GameJam/Content/Geometry/Meshes/1M_Cube.uexp" 936
"E:/Unreal Projects/GameJam/Content/StarterContent/Particles/P_Smoke.uasset" 937
"E:/Unreal Projects/GameJam/Content/StarterContent/Particles/P_Smoke.uexp" 938
"E:/Unreal Projects/GameJam/Content/Blueprints/Spawner.uasset" 939
"E:/Unreal Projects/GameJam/Content/Blueprints/Spawner.uexp" 940
"E:/Unreal Projects/GameJam/Content/Blueprints/CustomPlayerController.uasset" 941
"E:/Unreal Projects/GameJam/Content/Blueprints/CustomPlayerController.uexp" 942
"E:/Unreal Projects/GameJam/Content/Blueprints/CustomGameMode.uasset" 943
"E:/Unreal Projects/GameJam/Content/Blueprints/CustomGameMode.uexp" 944
"E:/Unreal Projects/GameJam/Content/Geometry/Park_objects/parkobj_geometry/tree3_leaves_tree3_leafcard.ubulk" 945
"E:/Unreal Projects/GameJam/Content/Geometry/Park_objects/parkobj_geometry/tree3_leaves_tree3_leafcard.uasset" 946
"E:/Unreal Projects/GameJam/Content/Geometry/Park_objects/parkobj_geometry/tree3_leaves_tree3_leafcard.uexp" 947
"E:/Unreal Projects/GameJam/Content/Geometry/Park_objects/parkobj_geometry/tree3_leaves_tree3_trunk.ubulk" 948
"E:/Unreal Projects/GameJam/Content/Geometry/Park_objects/parkobj_geometry/tree3_leaves_tree3_trunk.uasset" 949
"E:/Unreal Projects/GameJam/Content/Geometry/Park_objects/parkobj_geometry/tree3_leaves_tree3_trunk.uexp" 950
"E:/Unreal Projects/GameJam/Content/Geometry/Park_objects/Tree_leaves.uasset" 951
"E:/Unreal Projects/GameJam/Content/Geometry/Park_objects/Tree_leaves.uexp" 952
"E:/Unreal Projects/GameJam/Content/Geometry/Park_objects/parkobj_geometry/brickwall1_brick.ubulk" 953
"E:/Unreal Projects/GameJam/Content/Geometry/Park_objects/parkobj_geometry/brickwall1_brick.uasset" 954
"E:/Unreal Projects/GameJam/Content/Geometry/Park_objects/parkobj_geometry/brickwall1_brick.uexp" 955
"E:/Unreal Projects/GameJam/Content/Geometry/Park_objects/parkobj_geometry/brickwall1_wall.ubulk" 956
"E:/Unreal Projects/GameJam/Content/Geometry/Park_objects/parkobj_geometry/brickwall1_wall.uasset" 957
"E:/Unreal Projects/GameJam/Content/Geometry/Park_objects/parkobj_geometry/brickwall1_wall.uexp" 958
"E:/Unreal Projects/GameJam/Content/Geometry/Park_objects/Brickwall.uasset" 959
"E:/Unreal Projects/GameJam/Content/Geometry/Park_objects/Brickwall.uexp" 960
"../../../Engine/Content/BasicShapes/Plane.ubulk" 961
"../../../Engine/Content/BasicShapes/Plane.uasset" 962
"../../../Engine/Content/BasicShapes/Plane.uexp" 963
"E:/Unreal Projects/GameJam/Content/StarterContent/Textures/T_ground_Moss_D.ubulk" 964
"E:/Unreal Projects/GameJam/Content/StarterContent/Textures/T_ground_Moss_D.uasset" 965
"E:/Unreal Projects/GameJam/Content/StarterContent/Textures/T_ground_Moss_D.uexp" 966
"E:/Unreal Projects/GameJam/Content/StarterContent/Textures/T_Perlin_Noise_M.ubulk" 967
"E:/Unreal Projects/GameJam/Content/StarterContent/Textures/T_Perlin_Noise_M.uasset" 968
"E:/Unreal Projects/GameJam/Content/StarterContent/Textures/T_Perlin_Noise_M.uexp" 969
"E:/Unreal Projects/GameJam/Content/StarterContent/Textures/T_MacroVariation.uasset" 970
"E:/Unreal Projects/GameJam/Content/StarterContent/Textures/T_MacroVariation.uexp" 971
"E:/Unreal Projects/GameJam/Content/StarterContent/Textures/T_Ground_Moss_N.ubulk" 972
"E:/Unreal Projects/GameJam/Content/StarterContent/Textures/T_Ground_Moss_N.uasset" 973
"E:/Unreal Projects/GameJam/Content/StarterContent/Textures/T_Ground_Moss_N.uexp" 974
"E:/Unreal Projects/GameJam/Content/StarterContent/Materials/M_Ground_Moss.uasset" 975
"E:/Unreal Projects/GameJam/Content/StarterContent/Materials/M_Ground_Moss.uexp" 976
"E:/Unreal Projects/GameJam/Content/Geometry/Park_objects/groundplane1.ubulk" 977
"E:/Unreal Projects/GameJam/Content/Geometry/Park_objects/groundplane1.uasset" 978
"E:/Unreal Projects/GameJam/Content/Geometry/Park_objects/groundplane1.uexp" 979
"E:/Unreal Projects/GameJam/Content/Geometry/Park_objects/parkobj_geometry/hedge1_hedge11.ubulk" 980
"E:/Unreal Projects/GameJam/Content/Geometry/Park_objects/parkobj_geometry/hedge1_hedge11.uasset" 981
"E:/Unreal Projects/GameJam/Content/Geometry/Park_objects/parkobj_geometry/hedge1_hedge11.uexp" 982
"E:/Unreal Projects/GameJam/Content/Geometry/Park_objects/parkobj_geometry/hedge1_leaves.ubulk" 983
"E:/Unreal Projects/GameJam/Content/Geometry/Park_objects/parkobj_geometry/hedge1_leaves.uasset" 984
"E:/Unreal Projects/GameJam/Content/Geometry/Park_objects/parkobj_geometry/hedge1_leaves.uexp" 985
"E:/Unreal Projects/GameJam/Content/Geometry/Park_objects/Hedgewall.uasset" 986
"E:/Unreal Projects/GameJam/Content/Geometry/Park_objects/Hedgewall.uexp" 987
"E:/Unreal Projects/GameJam/Content/Geometry/Park_objects/parkobj_geometry/bench1_bench_feet.ubulk" 988
"E:/Unreal Projects/GameJam/Content/Geometry/Park_objects/parkobj_geometry/bench1_bench_feet.uasset" 989
"E:/Unreal Projects/GameJam/Content/Geometry/Park_objects/parkobj_geometry/bench1_bench_feet.uexp" 990
"E:/Unreal Projects/GameJam/Content/Geometry/Park_objects/parkobj_geometry/bench1_bench_wood.ubulk" 991
"E:/Unreal Projects/GameJam/Content/Geometry/Park_objects/parkobj_geometry/bench1_bench_wood.uasset" 992
"E:/Unreal Projects/GameJam/Content/Geometry/Park_objects/parkobj_geometry/bench1_bench_wood.uexp" 993
"E:/Unreal Projects/GameJam/Content/Geometry/Park_objects/parkobj_geometry/bench1_bench_armrrests.ubulk" 994
"E:/Unreal Projects/GameJam/Content/Geometry/Park_objects/parkobj_geometry/bench1_bench_armrrests.uasset" 995
"E:/Unreal Projects/GameJam/Content/Geometry/Park_objects/parkobj_geometry/bench1_bench_armrrests.uexp" 996
"E:/Unreal Projects/GameJam/Content/Geometry/Park_objects/ParkBench.uasset" 997
"E:/Unreal Projects/GameJam/Content/Geometry/Park_objects/ParkBench.uexp" 998
"E:/Unreal Projects/GameJam/Content/Maps/Game.uexp" 999
"E:/Unreal Projects/GameJam/Content/Maps/Game.umap" 1000
"../../../Engine/Content/Maps/Entry_BuiltData.uasset" 1001
"../../../Engine/Content/Maps/Entry_BuiltData.uexp" 1002
"../../../Engine/Content/Maps/Entry.uexp" 1003
"../../../Engine/Content/Maps/Entry.umap" 1004
